[05/13/23 12:47:08] [ERROR] Can't write to Discord websocket gateway: The I/O operation has been aborted because of either a thread exit or an application request (995)
[05/13/23 12:51:32] [ERROR] Discord terminated websocket connection; reason:  (1000)
[05/13/23 12:51:32] [ERROR] Can't write to Discord websocket gateway: The I/O operation has been aborted because of either a thread exit or an application request (995)
[05/13/23 12:51:32] [ERROR] Can't resolve Discord gateway URL 'gateway.discord.gg': No such host is known (11001)
[05/13/23 12:51:37] [ERROR] Can't resolve Discord gateway URL 'gateway.discord.gg': No such host is known (11001)
[05/13/23 12:51:47] [ERROR] Can't resolve Discord gateway URL 'gateway.discord.gg': No such host is known (11001)
[05/13/23 12:52:02] [ERROR] Can't resolve Discord gateway URL 'gateway.discord.gg': No such host is known (11001)
[05/13/23 12:52:22] [ERROR] Can't resolve Discord gateway URL 'gateway.discord.gg': No such host is known (11001)
[05/13/23 12:56:42] [ERROR] Discord terminated websocket connection; reason:  (1000)
[05/13/23 12:56:42] [ERROR] Can't write to Discord websocket gateway: The I/O operation has been aborted because of either a thread exit or an application request (995)
[05/13/23 12:57:29] [ERROR] Can't establish secured connection to Discord gateway: The socket was closed due to a timeout (1)
[05/13/23 12:58:10] [ERROR] Can't establish secured connection to Discord gateway: An existing connection was forcibly closed by the remote host (10054)
[05/13/23 12:59:28] [ERROR] Discord terminated websocket connection; reason:  (1000)
[05/13/23 12:59:39] [ERROR] Can't resolve Discord gateway URL 'gateway.discord.gg': No such host is known (11001)
[05/13/23 12:59:55] [ERROR] Can't resolve Discord gateway URL 'gateway.discord.gg': No such host is known (11001)
[05/13/23 13:00:05] [ERROR] Can't resolve Discord gateway URL 'gateway.discord.gg': No such host is known (11001)
[05/13/23 13:03:21] [ERROR] Discord terminated websocket connection; reason:  (1000)
[05/13/23 13:03:21] [ERROR] Can't write to Discord websocket gateway: The I/O operation has been aborted because of either a thread exit or an application request (995)
[05/13/23 13:03:47] [WARNING] Unknown gateway event 'GUILD_AUDIT_LOG_ENTRY_CREATE'
[05/13/23 13:03:52] [WARNING] Unknown gateway event 'GUILD_AUDIT_LOG_ENTRY_CREATE'
[05/13/23 13:48:02] [ERROR] Error while retrieving HTTP POST response from '/api/v8/channels/1106528632702242817/messages': A connection attempt failed because the connected party did not properly respond after a period of time, or established connection failed because connected host has failed to respond
[05/13/23 13:48:02] [WARNING] Error while shutting down SSL on HTTP connection: An existing connection was forcibly closed by the remote host (10054)
[05/13/23 15:35:37] [ERROR] Error while retrieving HTTP POST response from '/api/v8/channels/1106528632702242817/messages': A connection attempt failed because the connected party did not properly respond after a period of time, or established connection failed because connected host has failed to respond
[05/13/23 15:35:37] [WARNING] Error while shutting down SSL on HTTP connection: An existing connection was forcibly closed by the remote host (10054)
[05/13/23 17:41:50] [ERROR] Error while retrieving HTTP POST response from '/api/v8/channels/1106528632702242817/messages': A connection attempt failed because the connected party did not properly respond after a period of time, or established connection failed because connected host has failed to respond
[05/13/23 17:41:50] [WARNING] Error while shutting down SSL on HTTP connection: An existing connection was forcibly closed by the remote host (10054)
[05/15/23 19:31:22] [ERROR] Can't write to Discord websocket gateway: The I/O operation has been aborted because of either a thread exit or an application request (995)
[05/18/23 15:23:13] [ERROR] DCC_SendChannelMessage: invalid channel id '0'
[05/18/23 15:31:22] [ERROR] DCC_SendChannelMessage: invalid channel id '0'
[05/18/23 15:39:49] [ERROR] DCC_SendChannelMessage: invalid channel id '0'
[05/18/23 15:41:15] [ERROR] DCC_SendChannelMessage: invalid channel id '0'
[05/18/23 15:43:51] [ERROR] DCC_SendChannelMessage: invalid channel id '0'
[05/18/23 15:45:25] [ERROR] DCC_SendChannelMessage: invalid channel id '0'
[05/18/23 15:45:37] [ERROR] DCC_SendChannelMessage: invalid channel id '0'
[05/18/23 15:49:00] [ERROR] DCC_SendChannelMessage: invalid channel id '0'
[05/18/23 15:49:52] [ERROR] DCC_SendChannelMessage: invalid channel id '0'
[05/18/23 15:52:21] [ERROR] DCC_SendChannelMessage: invalid channel id '0'
[05/18/23 15:53:17] [ERROR] DCC_SendChannelMessage: invalid channel id '0'
[05/18/23 15:53:43] [ERROR] DCC_SendChannelMessage: invalid channel id '0'
[05/18/23 15:55:18] [ERROR] DCC_SendChannelMessage: invalid channel id '0'
[05/18/23 15:55:58] [ERROR] DCC_SendChannelMessage: invalid channel id '0'
[05/18/23 15:56:36] [ERROR] DCC_SendChannelMessage: invalid channel id '0'
[05/18/23 15:59:03] [ERROR] DCC_SendChannelMessage: invalid channel id '0'
[05/18/23 15:59:23] [ERROR] DCC_SendChannelMessage: invalid channel id '0'
[05/18/23 16:00:05] [ERROR] DCC_SendChannelMessage: invalid channel id '0'
[05/18/23 16:01:32] [ERROR] DCC_SendChannelMessage: invalid channel id '0'
[05/18/23 16:02:01] [ERROR] DCC_SendChannelMessage: invalid channel id '0'
[05/18/23 16:03:09] [ERROR] DCC_SendChannelMessage: invalid channel id '0'
[05/18/23 16:03:34] [ERROR] DCC_SendChannelMessage: invalid channel id '0'
[05/18/23 16:04:01] [ERROR] Can't read from Discord websocket gateway: End of file (2)
[05/18/23 16:04:01] [ERROR] Can't write to Discord websocket gateway: The I/O operation has been aborted because of either a thread exit or an application request (995)
[05/18/23 16:04:20] [ERROR] DCC_SendChannelMessage: invalid channel id '0'
[05/18/23 16:04:59] [ERROR] DCC_SendChannelMessage: invalid channel id '0'
[05/18/23 16:05:56] [ERROR] DCC_SendChannelMessage: invalid channel id '0'
[05/18/23 16:06:52] [ERROR] DCC_SendChannelMessage: invalid channel id '0'
[05/18/23 16:08:44] [ERROR] DCC_SendChannelMessage: invalid channel id '0'
[05/18/23 16:16:05] [ERROR] DCC_SendChannelMessage: invalid channel id '0'
[05/18/23 16:16:43] [ERROR] DCC_SendChannelMessage: invalid channel id '0'
[05/18/23 16:17:27] [ERROR] DCC_SendChannelMessage: invalid channel id '0'
[05/18/23 16:19:23] [ERROR] DCC_SendChannelMessage: invalid channel id '0'
[05/18/23 16:20:00] [ERROR] DCC_SendChannelMessage: invalid channel id '0'
[05/18/23 16:23:46] [ERROR] DCC_SendChannelMessage: invalid channel id '0'
[05/18/23 16:29:18] [ERROR] DCC_SendChannelMessage: invalid channel id '0'
[05/18/23 16:29:37] [ERROR] DCC_SendChannelMessage: invalid channel id '0'
[05/18/23 16:30:44] [ERROR] DCC_SendChannelMessage: invalid channel id '0'
[05/18/23 16:32:06] [ERROR] DCC_SendChannelMessage: invalid channel id '0'
[05/18/23 16:47:49] [ERROR] DCC_SendChannelMessage: invalid channel id '0'
[05/18/23 16:53:34] [ERROR] DCC_SendChannelMessage: invalid channel id '0'
[05/18/23 16:54:03] [ERROR] DCC_SendChannelMessage: invalid channel id '0'
[05/18/23 16:56:10] [ERROR] DCC_SendChannelMessage: invalid channel id '0'
[05/18/23 16:56:38] [ERROR] DCC_SendChannelMessage: invalid channel id '0'
[05/18/23 16:58:23] [ERROR] DCC_SendChannelMessage: invalid channel id '0'
[05/18/23 16:59:25] [ERROR] DCC_SendChannelMessage: invalid channel id '0'
[05/18/23 17:00:54] [ERROR] DCC_SendChannelMessage: invalid channel id '0'
[05/18/23 17:01:21] [ERROR] DCC_SendChannelMessage: invalid channel id '0'
[05/18/23 17:03:05] [ERROR] DCC_SendChannelMessage: invalid channel id '0'
[05/18/23 17:05:50] [ERROR] DCC_SendChannelMessage: invalid channel id '0'
[05/18/23 17:08:41] [ERROR] DCC_SendChannelMessage: invalid channel id '0'
[05/18/23 17:09:10] [ERROR] DCC_SendChannelMessage: invalid channel id '0'
[05/18/23 17:09:54] [ERROR] DCC_SendChannelMessage: invalid channel id '0'
[05/18/23 17:10:21] [ERROR] DCC_SendChannelMessage: invalid channel id '0'
[05/18/23 17:11:32] [ERROR] DCC_SendChannelMessage: invalid channel id '0'
[05/18/23 17:11:58] [ERROR] DCC_SendChannelMessage: invalid channel id '0'
[05/18/23 17:13:14] [ERROR] DCC_SendChannelMessage: invalid channel id '0'
[05/18/23 17:13:42] [ERROR] DCC_SendChannelMessage: invalid channel id '0'
[05/18/23 17:14:36] [ERROR] DCC_SendChannelMessage: invalid channel id '0'
[05/18/23 17:15:17] [ERROR] DCC_SendChannelMessage: invalid channel id '0'
[05/18/23 17:22:36] [ERROR] DCC_SendChannelMessage: invalid channel id '0'
[05/18/23 17:23:22] [ERROR] DCC_SendChannelMessage: invalid channel id '0'
[05/18/23 17:25:47] [ERROR] DCC_SendChannelMessage: invalid channel id '0'
[05/18/23 17:26:48] [ERROR] DCC_SendChannelMessage: invalid channel id '0'
[05/18/23 17:29:31] [ERROR] DCC_SendChannelMessage: invalid channel id '0'
[05/18/23 17:30:00] [ERROR] DCC_SendChannelMessage: invalid channel id '0'
[05/18/23 17:54:12] [ERROR] DCC_SendChannelMessage: invalid channel id '0'
[05/18/23 18:01:18] [ERROR] DCC_SendChannelMessage: invalid channel id '0'
[05/18/23 18:02:08] [ERROR] DCC_SendChannelMessage: invalid channel id '0'
[05/18/23 18:02:40] [ERROR] DCC_SendChannelMessage: invalid channel id '0'
[05/18/23 18:03:18] [ERROR] DCC_SendChannelMessage: invalid channel id '0'
[05/18/23 18:03:46] [ERROR] DCC_SendChannelMessage: invalid channel id '0'
[05/18/23 18:05:08] [ERROR] DCC_SendChannelMessage: invalid channel id '0'
[05/18/23 18:05:52] [ERROR] DCC_SendChannelMessage: invalid channel id '0'
[05/18/23 18:08:22] [ERROR] DCC_SendChannelMessage: invalid channel id '0'
[05/18/23 18:16:21] [ERROR] DCC_SendChannelMessage: invalid channel id '0'
[05/18/23 18:23:49] [ERROR] DCC_SendChannelMessage: invalid channel id '0'
[05/18/23 18:28:37] [ERROR] DCC_SendChannelMessage: invalid channel id '0'
[05/18/23 18:29:13] [ERROR] DCC_SendChannelMessage: invalid channel id '0'
[05/18/23 18:31:06] [ERROR] DCC_SendChannelMessage: invalid channel id '0'
[05/18/23 18:32:20] [ERROR] DCC_SendChannelMessage: invalid channel id '0'
[05/18/23 18:33:29] [ERROR] DCC_SendChannelMessage: invalid channel id '0'
[05/18/23 18:35:39] [ERROR] DCC_SendChannelMessage: invalid channel id '0'
[05/18/23 18:38:10] [ERROR] DCC_SendChannelMessage: invalid channel id '0'
[05/18/23 18:38:58] [ERROR] DCC_SendChannelMessage: invalid channel id '0'
[05/18/23 18:39:28] [ERROR] DCC_SendChannelMessage: invalid channel id '0'
[05/18/23 18:40:36] [ERROR] DCC_SendChannelMessage: invalid channel id '0'
[05/18/23 18:41:06] [ERROR] DCC_SendChannelMessage: invalid channel id '0'
[05/18/23 18:41:30] [ERROR] DCC_SendChannelMessage: invalid channel id '0'
[05/18/23 18:42:16] [ERROR] DCC_SendChannelMessage: invalid channel id '0'
[05/18/23 18:43:38] [ERROR] DCC_SendChannelMessage: invalid channel id '0'
[05/18/23 18:44:03] [ERROR] DCC_SendChannelMessage: invalid channel id '0'
[05/18/23 18:44:58] [ERROR] DCC_SendChannelMessage: invalid channel id '0'
[05/18/23 18:45:54] [ERROR] DCC_SendChannelMessage: invalid channel id '0'
[05/18/23 18:47:09] [ERROR] DCC_SendChannelMessage: invalid channel id '0'
[05/18/23 18:47:37] [ERROR] DCC_SendChannelMessage: invalid channel id '0'
[05/18/23 18:56:27] [ERROR] DCC_SendChannelMessage: invalid channel id '0'
[05/18/23 19:10:01] [ERROR] DCC_SendChannelMessage: invalid channel id '0'
[05/18/23 19:10:40] [ERROR] DCC_SendChannelMessage: invalid channel id '0'
[05/18/23 19:11:10] [ERROR] DCC_SendChannelMessage: invalid channel id '0'
[05/18/23 19:19:35] [ERROR] DCC_SendChannelMessage: invalid channel id '0'
[05/18/23 19:20:19] [ERROR] DCC_SendChannelMessage: invalid channel id '0'
[05/18/23 19:20:58] [ERROR] DCC_SendChannelMessage: invalid channel id '0'
[05/18/23 19:29:02] [ERROR] DCC_SendChannelMessage: invalid channel id '0'
[05/18/23 19:34:56] [ERROR] DCC_SendChannelMessage: invalid channel id '0'
[05/18/23 19:35:39] [ERROR] DCC_SendChannelMessage: invalid channel id '0'
[05/18/23 19:38:48] [ERROR] DCC_SendChannelMessage: invalid channel id '0'
[05/18/23 19:40:29] [ERROR] DCC_SendChannelMessage: invalid channel id '0'
[05/18/23 19:41:54] [ERROR] DCC_SendChannelMessage: invalid channel id '0'
[05/18/23 19:42:23] [ERROR] DCC_SendChannelMessage: invalid channel id '0'
[05/18/23 19:44:50] [ERROR] DCC_SendChannelMessage: invalid channel id '0'
[05/18/23 19:49:48] [ERROR] DCC_SendChannelMessage: invalid channel id '0'
[05/18/23 19:50:33] [ERROR] DCC_SendChannelMessage: invalid channel id '0'
[05/18/23 19:51:01] [ERROR] DCC_SendChannelMessage: invalid channel id '0'
[05/18/23 19:57:59] [ERROR] DCC_SendChannelMessage: invalid channel id '0'
[05/18/23 20:24:27] [ERROR] DCC_SendChannelMessage: invalid channel id '0'
[05/18/23 20:25:02] [ERROR] DCC_SendChannelMessage: invalid channel id '0'
[05/19/23 18:04:30] [ERROR] DCC_SendChannelMessage: invalid channel id '0'
[05/19/23 18:04:50] [ERROR] DCC_SendChannelMessage: invalid channel id '0'
[05/19/23 18:05:12] [ERROR] DCC_SendChannelMessage: invalid channel id '0'
[05/19/23 18:05:27] [ERROR] DCC_SendChannelMessage: invalid channel id '0'
[05/19/23 18:09:19] [ERROR] DCC_SendChannelMessage: invalid channel id '0'
[05/19/23 18:09:34] [ERROR] DCC_SendChannelMessage: invalid channel id '0'
[05/19/23 18:09:56] [ERROR] DCC_SendChannelMessage: invalid channel id '0'
[05/19/23 18:10:11] [ERROR] DCC_SendChannelMessage: invalid channel id '0'
[05/19/23 18:16:48] [ERROR] DCC_SendChannelMessage: invalid channel id '0'
[05/19/23 18:18:00] [ERROR] DCC_SendChannelMessage: invalid channel id '0'
[05/19/23 18:18:28] [ERROR] DCC_SendChannelMessage: invalid channel id '0'
[05/19/23 18:18:47] [ERROR] DCC_SendChannelMessage: invalid channel id '0'
[05/19/23 18:19:11] [ERROR] DCC_SendChannelMessage: invalid channel id '0'
[05/19/23 18:19:29] [ERROR] DCC_SendChannelMessage: invalid channel id '0'
[05/19/23 18:21:21] [ERROR] DCC_SendChannelMessage: invalid channel id '0'
[05/19/23 18:40:56] [ERROR] DCC_SendChannelMessage: invalid channel id '0'
[05/19/23 18:43:15] [ERROR] DCC_SendChannelMessage: invalid channel id '0'
[05/19/23 18:43:28] [ERROR] DCC_SendChannelMessage: invalid channel id '0'
[05/19/23 18:43:49] [ERROR] DCC_SendChannelMessage: invalid channel id '0'
[05/19/23 18:44:03] [ERROR] DCC_SendChannelMessage: invalid channel id '0'
[05/19/23 18:49:54] [ERROR] DCC_SendChannelMessage: invalid channel id '0'
[05/19/23 18:50:23] [ERROR] DCC_SendChannelMessage: invalid channel id '0'
[05/19/23 18:50:44] [ERROR] DCC_SendChannelMessage: invalid channel id '0'
[05/19/23 18:50:56] [ERROR] DCC_SendChannelMessage: invalid channel id '0'
[05/19/23 18:57:50] [ERROR] DCC_SendChannelMessage: invalid channel id '0'
[05/19/23 18:58:03] [ERROR] DCC_SendChannelMessage: invalid channel id '0'
[05/19/23 18:58:25] [ERROR] DCC_SendChannelMessage: invalid channel id '0'
[05/19/23 18:58:36] [ERROR] DCC_SendChannelMessage: invalid channel id '0'
[05/19/23 19:06:11] [ERROR] DCC_SendChannelMessage: invalid channel id '0'
[05/19/23 19:06:22] [ERROR] DCC_SendChannelMessage: invalid channel id '0'
[05/19/23 19:06:46] [ERROR] DCC_SendChannelMessage: invalid channel id '0'
[05/19/23 19:06:57] [ERROR] DCC_SendChannelMessage: invalid channel id '0'
[05/19/23 19:09:20] [ERROR] DCC_SendChannelMessage: invalid channel id '0'
[05/19/23 19:09:32] [ERROR] DCC_SendChannelMessage: invalid channel id '0'
[05/19/23 19:09:56] [ERROR] DCC_SendChannelMessage: invalid channel id '0'
[05/19/23 19:10:04] [ERROR] DCC_SendChannelMessage: invalid channel id '0'
[05/19/23 19:17:56] [ERROR] DCC_SendChannelMessage: invalid channel id '0'
[05/19/23 19:18:08] [ERROR] DCC_SendChannelMessage: invalid channel id '0'
[05/19/23 19:18:39] [ERROR] DCC_SendChannelMessage: invalid channel id '0'
[05/19/23 19:18:56] [ERROR] DCC_SendChannelMessage: invalid channel id '0'
[05/19/23 19:22:03] [ERROR] DCC_SendChannelMessage: invalid channel id '0'
[05/19/23 19:22:42] [ERROR] DCC_SendChannelMessage: invalid channel id '0'
[05/19/23 19:23:16] [ERROR] DCC_SendChannelMessage: invalid channel id '0'
[05/19/23 19:23:32] [ERROR] DCC_SendChannelMessage: invalid channel id '0'
[05/19/23 20:17:23] [ERROR] DCC_SendChannelMessage: invalid channel id '0'
[05/19/23 20:37:30] [ERROR] DCC_SendChannelMessage: invalid channel id '0'
[05/19/23 21:18:02] [ERROR] DCC_SendChannelMessage: invalid channel id '0'
[05/19/23 21:18:14] [ERROR] DCC_SendChannelMessage: invalid channel id '0'
[05/19/23 21:18:35] [ERROR] DCC_SendChannelMessage: invalid channel id '0'
[05/19/23 21:18:43] [ERROR] DCC_SendChannelMessage: invalid channel id '0'
[05/19/23 21:21:31] [ERROR] DCC_SendChannelMessage: invalid channel id '0'
[05/19/23 21:29:24] [ERROR] DCC_SendChannelMessage: invalid channel id '0'
[05/19/23 21:29:36] [ERROR] DCC_SendChannelMessage: invalid channel id '0'
[05/19/23 21:30:53] [ERROR] DCC_SendChannelMessage: invalid channel id '0'
[05/19/23 21:31:22] [ERROR] DCC_SendChannelMessage: invalid channel id '0'
[05/19/23 21:42:07] [ERROR] DCC_SendChannelMessage: invalid channel id '0'
[05/19/23 21:43:44] [ERROR] DCC_SendChannelMessage: invalid channel id '0'
[05/19/23 21:44:38] [ERROR] DCC_SendChannelMessage: invalid channel id '0'
[05/19/23 21:45:02] [ERROR] DCC_SendChannelMessage: invalid channel id '0'
[05/19/23 21:47:17] [ERROR] DCC_SendChannelMessage: invalid channel id '0'
[05/19/23 21:47:43] [ERROR] DCC_SendChannelMessage: invalid channel id '0'
[05/19/23 21:49:13] [ERROR] DCC_SendChannelMessage: invalid channel id '0'
[05/19/23 21:50:15] [ERROR] DCC_SendChannelMessage: invalid channel id '0'
[05/19/23 21:50:41] [ERROR] DCC_SendChannelMessage: invalid channel id '0'
[05/19/23 21:51:03] [ERROR] DCC_SendChannelMessage: invalid channel id '0'
[05/19/23 21:51:26] [ERROR] DCC_SendChannelMessage: invalid channel id '0'
[05/19/23 21:52:59] [ERROR] DCC_SendChannelMessage: invalid channel id '0'
[05/19/23 21:53:23] [ERROR] DCC_SendChannelMessage: invalid channel id '0'
[05/19/23 21:55:06] [ERROR] DCC_SendChannelMessage: invalid channel id '0'
[05/19/23 21:55:35] [ERROR] DCC_SendChannelMessage: invalid channel id '0'
[05/19/23 21:57:10] [ERROR] DCC_SendChannelMessage: invalid channel id '0'
[05/19/23 21:57:41] [ERROR] DCC_SendChannelMessage: invalid channel id '0'
[05/19/23 21:58:39] [ERROR] DCC_SendChannelMessage: invalid channel id '0'
[05/19/23 21:59:02] [ERROR] DCC_SendChannelMessage: invalid channel id '0'
[05/19/23 21:59:29] [ERROR] DCC_SendChannelMessage: invalid channel id '0'
[05/19/23 22:00:13] [ERROR] DCC_SendChannelMessage: invalid channel id '0'
[05/19/23 22:10:22] [ERROR] DCC_SendChannelMessage: invalid channel id '0'
[05/19/23 22:47:19] [ERROR] DCC_SendChannelMessage: invalid channel id '0'
[05/19/23 22:47:35] [ERROR] DCC_SendChannelMessage: invalid channel id '0'
[05/19/23 22:47:36] [ERROR] DCC_SendChannelMessage: invalid channel id '0'
[05/19/23 22:48:20] [ERROR] DCC_SendChannelMessage: invalid channel id '0'
[05/19/23 22:49:23] [ERROR] DCC_SendChannelMessage: invalid channel id '0'
[05/19/23 22:49:51] [ERROR] DCC_SendChannelMessage: invalid channel id '0'
[05/19/23 22:50:18] [ERROR] DCC_SendChannelMessage: invalid channel id '0'
[05/19/23 22:50:48] [ERROR] DCC_SendChannelMessage: invalid channel id '0'
[05/19/23 22:51:32] [ERROR] DCC_SendChannelMessage: invalid channel id '0'
[05/19/23 22:51:56] [ERROR] DCC_SendChannelMessage: invalid channel id '0'
[05/19/23 22:52:20] [ERROR] DCC_SendChannelMessage: invalid channel id '0'
[05/19/23 22:52:44] [ERROR] DCC_SendChannelMessage: invalid channel id '0'
[05/19/23 22:53:30] [ERROR] DCC_SendChannelMessage: invalid channel id '0'
[05/19/23 22:53:53] [ERROR] DCC_SendChannelMessage: invalid channel id '0'
[05/19/23 22:54:29] [ERROR] DCC_SendChannelMessage: invalid channel id '0'
[05/19/23 22:54:54] [ERROR] DCC_SendChannelMessage: invalid channel id '0'
[05/19/23 22:55:16] [ERROR] DCC_SendChannelMessage: invalid channel id '0'
[05/19/23 22:55:40] [ERROR] DCC_SendChannelMessage: invalid channel id '0'
[05/19/23 22:56:00] [ERROR] DCC_SendChannelMessage: invalid channel id '0'
[05/20/23 01:12:31] [ERROR] DCC_SendChannelMessage: invalid channel id '0'
[05/20/23 01:15:56] [ERROR] DCC_SendChannelMessage: invalid channel id '0'
[05/20/23 01:16:48] [ERROR] DCC_SendChannelMessage: invalid channel id '0'
[05/20/23 01:21:57] [ERROR] DCC_SendChannelMessage: invalid channel id '0'
[05/20/23 01:22:33] [ERROR] DCC_SendChannelMessage: invalid channel id '0'
[05/20/23 01:24:06] [ERROR] DCC_SendChannelMessage: invalid channel id '0'
[05/20/23 01:24:33] [ERROR] DCC_SendChannelMessage: invalid channel id '0'
[05/20/23 01:31:24] [ERROR] DCC_SendChannelMessage: invalid channel id '0'
[05/20/23 01:37:14] [ERROR] DCC_SendChannelMessage: invalid channel id '0'
[05/20/23 01:37:47] [ERROR] DCC_SendChannelMessage: invalid channel id '0'
[05/20/23 01:38:33] [ERROR] DCC_SendChannelMessage: invalid channel id '0'
[05/20/23 01:39:01] [ERROR] DCC_SendChannelMessage: invalid channel id '0'
[05/20/23 01:40:31] [ERROR] DCC_SendChannelMessage: invalid channel id '0'
[05/20/23 01:41:06] [ERROR] DCC_SendChannelMessage: invalid channel id '0'
[05/20/23 01:42:20] [ERROR] DCC_SendChannelMessage: invalid channel id '0'
[05/20/23 01:42:58] [ERROR] DCC_SendChannelMessage: invalid channel id '0'
[05/20/23 01:43:46] [ERROR] DCC_SendChannelMessage: invalid channel id '0'
[05/20/23 01:44:10] [ERROR] DCC_SendChannelMessage: invalid channel id '0'
[05/20/23 01:45:16] [ERROR] DCC_SendChannelMessage: invalid channel id '0'
[05/20/23 01:46:08] [ERROR] DCC_SendChannelMessage: invalid channel id '0'
[05/20/23 01:47:19] [ERROR] DCC_SendChannelMessage: invalid channel id '0'
[05/20/23 01:48:02] [ERROR] DCC_SendChannelMessage: invalid channel id '0'
[05/20/23 01:52:42] [ERROR] DCC_SendChannelMessage: invalid channel id '0'
[05/20/23 01:53:12] [ERROR] DCC_SendChannelMessage: invalid channel id '0'
[05/20/23 01:55:05] [ERROR] DCC_SendChannelMessage: invalid channel id '0'
[05/20/23 01:55:45] [ERROR] DCC_SendChannelMessage: invalid channel id '0'
[05/20/23 01:57:56] [ERROR] DCC_SendChannelMessage: invalid channel id '0'
[05/20/23 01:58:59] [ERROR] DCC_SendChannelMessage: invalid channel id '0'
[05/20/23 02:00:24] [ERROR] DCC_SendChannelMessage: invalid channel id '0'
[05/20/23 02:00:56] [ERROR] DCC_SendChannelMessage: invalid channel id '0'
[05/20/23 02:07:10] [ERROR] DCC_SendChannelMessage: invalid channel id '0'
[05/20/23 02:10:45] [ERROR] DCC_SendChannelMessage: invalid channel id '0'
[05/20/23 02:11:48] [ERROR] DCC_SendChannelMessage: invalid channel id '0'
[05/20/23 02:12:13] [ERROR] DCC_SendChannelMessage: invalid channel id '0'
[05/20/23 02:19:00] [ERROR] DCC_SendChannelMessage: invalid channel id '0'
[05/20/23 09:20:45] [ERROR] DCC_SendChannelMessage: invalid channel id '0'
[05/20/23 09:22:14] [ERROR] DCC_SendChannelMessage: invalid channel id '0'
[05/20/23 09:34:20] [ERROR] DCC_SendChannelMessage: invalid channel id '0'
[05/20/23 09:41:31] [ERROR] DCC_SendChannelMessage: invalid channel id '0'
[05/20/23 09:46:43] [ERROR] DCC_SendChannelMessage: invalid channel id '0'
[05/20/23 09:50:52] [ERROR] DCC_SendChannelMessage: invalid channel id '0'
[05/20/23 09:53:48] [ERROR] DCC_SendChannelMessage: invalid channel id '0'
[05/20/23 09:56:53] [ERROR] DCC_SendChannelMessage: invalid channel id '0'
[05/20/23 09:58:02] [ERROR] DCC_SendChannelMessage: invalid channel id '0'
[05/20/23 10:00:12] [ERROR] DCC_SendChannelMessage: invalid channel id '0'
[05/20/23 10:36:16] [ERROR] DCC_SendChannelMessage: invalid channel id '0'
[05/20/23 10:56:59] [ERROR] DCC_SendChannelMessage: invalid channel id '0'
[05/20/23 11:02:22] [ERROR] DCC_SendChannelMessage: invalid channel id '0'
[05/20/23 11:06:00] [ERROR] DCC_SendChannelMessage: invalid channel id '0'
[05/20/23 11:07:20] [ERROR] DCC_SendChannelMessage: invalid channel id '0'
[05/20/23 11:07:54] [ERROR] DCC_SendChannelMessage: invalid channel id '0'
[05/20/23 11:11:29] [ERROR] DCC_SendChannelMessage: invalid channel id '0'
[05/20/23 11:19:19] [ERROR] DCC_SendChannelMessage: invalid channel id '0'
[05/20/23 11:21:12] [ERROR] DCC_SendChannelMessage: invalid channel id '0'
[05/20/23 11:36:16] [ERROR] DCC_SendChannelMessage: invalid channel id '0'
[05/20/23 12:35:15] [ERROR] DCC_SendChannelMessage: invalid channel id '0'
[05/20/23 12:38:30] [ERROR] DCC_SendChannelMessage: invalid channel id '0'
[05/20/23 12:41:36] [ERROR] DCC_SendChannelMessage: invalid channel id '0'
[05/20/23 12:50:59] [ERROR] DCC_SendChannelMessage: invalid channel id '0'
[05/20/23 12:53:01] [ERROR] DCC_SendChannelMessage: invalid channel id '0'
[05/20/23 12:56:39] [ERROR] DCC_SendChannelMessage: invalid channel id '0'
[05/20/23 12:58:16] [ERROR] DCC_SendChannelMessage: invalid channel id '0'
[05/20/23 12:59:16] [ERROR] DCC_SendChannelMessage: invalid channel id '0'
[05/20/23 13:01:24] [ERROR] DCC_SendChannelMessage: invalid channel id '0'
[05/20/23 13:03:19] [ERROR] DCC_SendChannelMessage: invalid channel id '0'
[05/20/23 16:36:02] [ERROR] DCC_SendChannelMessage: invalid channel id '0'
[05/20/23 16:52:20] [ERROR] DCC_SendChannelMessage: invalid channel id '0'
[05/20/23 16:56:49] [ERROR] DCC_SendChannelMessage: invalid channel id '0'
[05/20/23 17:01:24] [ERROR] DCC_SendChannelMessage: invalid channel id '0'
[05/20/23 17:05:04] [ERROR] DCC_SendChannelMessage: invalid channel id '0'
[05/20/23 17:06:23] [ERROR] DCC_SendChannelMessage: invalid channel id '0'
[05/20/23 17:07:40] [ERROR] DCC_SendChannelMessage: invalid channel id '0'
[05/20/23 17:11:35] [ERROR] DCC_SendChannelMessage: invalid channel id '0'
[05/20/23 17:12:33] [ERROR] DCC_SendChannelMessage: invalid channel id '0'
[05/20/23 17:14:49] [ERROR] DCC_SendChannelMessage: invalid channel id '0'
[05/20/23 17:15:27] [ERROR] DCC_SendChannelMessage: invalid channel id '0'
[05/20/23 17:17:13] [ERROR] DCC_SendChannelMessage: invalid channel id '0'
[05/20/23 17:17:37] [ERROR] DCC_SendChannelMessage: invalid channel id '0'
[05/20/23 17:18:44] [ERROR] DCC_SendChannelMessage: invalid channel id '0'
[05/20/23 17:20:06] [ERROR] DCC_SendChannelMessage: invalid channel id '0'
[05/20/23 17:30:19] [ERROR] DCC_SendChannelMessage: invalid channel id '0'
[05/20/23 17:37:45] [ERROR] DCC_SendChannelMessage: invalid channel id '0'
[05/20/23 17:40:19] [ERROR] DCC_SendChannelMessage: invalid channel id '0'
[05/20/23 17:41:40] [ERROR] DCC_SendChannelMessage: invalid channel id '0'
[05/20/23 17:44:14] [ERROR] DCC_SendChannelMessage: invalid channel id '0'
[05/20/23 17:44:44] [ERROR] DCC_SendChannelMessage: invalid channel id '0'
[05/20/23 17:45:30] [ERROR] DCC_SendChannelMessage: invalid channel id '0'
[05/20/23 17:45:55] [ERROR] DCC_SendChannelMessage: invalid channel id '0'
[05/20/23 17:46:19] [ERROR] DCC_SendChannelMessage: invalid channel id '0'
[05/20/23 17:46:45] [ERROR] DCC_SendChannelMessage: invalid channel id '0'
[05/20/23 17:47:31] [ERROR] DCC_SendChannelMessage: invalid channel id '0'
[05/20/23 17:48:05] [ERROR] DCC_SendChannelMessage: invalid channel id '0'
[05/20/23 17:48:25] [ERROR] DCC_SendChannelMessage: invalid channel id '0'
[05/20/23 17:48:47] [ERROR] DCC_SendChannelMessage: invalid channel id '0'
[05/20/23 17:49:30] [ERROR] DCC_SendChannelMessage: invalid channel id '0'
[05/20/23 17:49:57] [ERROR] DCC_SendChannelMessage: invalid channel id '0'
[05/20/23 17:50:58] [ERROR] DCC_SendChannelMessage: invalid channel id '0'
[05/20/23 17:52:13] [ERROR] DCC_SendChannelMessage: invalid channel id '0'
[05/20/23 17:54:12] [ERROR] DCC_SendChannelMessage: invalid channel id '0'
[05/20/23 17:54:44] [ERROR] DCC_SendChannelMessage: invalid channel id '0'
[05/20/23 18:02:12] [ERROR] DCC_SendChannelMessage: invalid channel id '0'
[05/20/23 18:04:08] [ERROR] DCC_SendChannelMessage: invalid channel id '0'
[05/20/23 18:04:39] [ERROR] DCC_SendChannelMessage: invalid channel id '0'
[05/20/23 18:05:04] [ERROR] DCC_SendChannelMessage: invalid channel id '0'
[05/20/23 18:11:50] [ERROR] DCC_SendChannelMessage: invalid channel id '0'
[05/20/23 18:12:23] [ERROR] DCC_SendChannelMessage: invalid channel id '0'
[05/20/23 18:13:39] [ERROR] DCC_SendChannelMessage: invalid channel id '0'
[05/20/23 18:14:17] [ERROR] DCC_SendChannelMessage: invalid channel id '0'
[05/20/23 18:17:24] [ERROR] DCC_SendChannelMessage: invalid channel id '0'
[05/20/23 18:17:48] [ERROR] DCC_SendChannelMessage: invalid channel id '0'
[05/20/23 18:18:53] [ERROR] DCC_SendChannelMessage: invalid channel id '0'
[05/20/23 18:21:09] [ERROR] DCC_SendChannelMessage: invalid channel id '0'
[05/20/23 18:21:30] [ERROR] DCC_SendChannelMessage: invalid channel id '0'
[05/20/23 18:21:52] [ERROR] DCC_SendChannelMessage: invalid channel id '0'
[05/20/23 18:22:22] [ERROR] DCC_SendChannelMessage: invalid channel id '0'
[05/20/23 18:39:02] [ERROR] DCC_SendChannelMessage: invalid channel id '0'
[05/20/23 18:39:33] [ERROR] DCC_SendChannelMessage: invalid channel id '0'
[05/20/23 18:43:43] [ERROR] DCC_SendChannelMessage: invalid channel id '0'
[05/20/23 18:46:36] [ERROR] DCC_SendChannelMessage: invalid channel id '0'
[05/20/23 18:46:55] [ERROR] DCC_SendChannelMessage: invalid channel id '0'
[05/20/23 18:47:31] [ERROR] DCC_SendChannelMessage: invalid channel id '0'
[05/20/23 18:51:16] [ERROR] DCC_SendChannelMessage: invalid channel id '0'
[05/20/23 18:51:40] [ERROR] DCC_SendChannelMessage: invalid channel id '0'
[05/20/23 18:52:04] [ERROR] DCC_SendChannelMessage: invalid channel id '0'
[05/20/23 19:14:53] [ERROR] DCC_SendChannelMessage: invalid channel id '0'
[05/20/23 19:15:34] [ERROR] DCC_SendChannelMessage: invalid channel id '0'
[05/20/23 19:24:37] [ERROR] DCC_SendChannelMessage: invalid channel id '0'
[05/20/23 19:27:14] [ERROR] DCC_SendChannelMessage: invalid channel id '0'
[05/20/23 19:28:43] [ERROR] DCC_SendChannelMessage: invalid channel id '0'
[05/20/23 19:29:47] [ERROR] DCC_SendChannelMessage: invalid channel id '0'
[05/20/23 19:30:01] [ERROR] DCC_SendChannelMessage: invalid channel id '0'
[05/20/23 19:33:57] [ERROR] DCC_SendChannelMessage: invalid channel id '0'
[05/20/23 19:34:11] [ERROR] DCC_SendChannelMessage: invalid channel id '0'
[05/20/23 19:34:36] [ERROR] DCC_SendChannelMessage: invalid channel id '0'
[05/20/23 19:34:52] [ERROR] DCC_SendChannelMessage: invalid channel id '0'
[05/20/23 19:39:28] [ERROR] DCC_SendChannelMessage: invalid channel id '0'
[05/20/23 19:39:46] [ERROR] DCC_SendChannelMessage: invalid channel id '0'
[05/20/23 19:40:29] [ERROR] DCC_SendChannelMessage: invalid channel id '0'
[05/20/23 19:47:38] [ERROR] DCC_SendChannelMessage: invalid channel id '0'
[05/20/23 19:48:07] [ERROR] DCC_SendChannelMessage: invalid channel id '0'
[05/20/23 19:49:15] [ERROR] DCC_SendChannelMessage: invalid channel id '0'
[05/20/23 19:49:55] [ERROR] DCC_SendChannelMessage: invalid channel id '0'
[05/20/23 19:50:52] [ERROR] DCC_SendChannelMessage: invalid channel id '0'
[05/20/23 19:55:24] [ERROR] DCC_SendChannelMessage: invalid channel id '0'
[05/20/23 19:55:45] [ERROR] DCC_SendChannelMessage: invalid channel id '0'
[05/20/23 19:56:10] [ERROR] DCC_SendChannelMessage: invalid channel id '0'
[05/20/23 19:56:42] [ERROR] DCC_SendChannelMessage: invalid channel id '0'
[05/21/23 12:45:15] [ERROR] DCC_SendChannelMessage: invalid channel id '0'
[05/21/23 12:47:05] [ERROR] DCC_SendChannelMessage: invalid channel id '0'
[05/21/23 12:48:02] [ERROR] DCC_SendChannelMessage: invalid channel id '0'
[05/21/23 12:52:15] [ERROR] DCC_SendChannelMessage: invalid channel id '0'
[05/21/23 20:21:37] [ERROR] DCC_SendChannelMessage: invalid channel id '0'
[05/21/23 20:21:58] [ERROR] DCC_SendChannelMessage: invalid channel id '0'
[05/21/23 20:22:20] [ERROR] DCC_SendChannelMessage: invalid channel id '0'
[05/21/23 20:23:51] [ERROR] DCC_SendChannelMessage: invalid channel id '0'
[05/21/23 20:30:47] [ERROR] DCC_SendChannelMessage: invalid channel id '0'
[05/21/23 20:31:01] [ERROR] DCC_SendChannelMessage: invalid channel id '0'
[05/21/23 20:31:23] [ERROR] DCC_SendChannelMessage: invalid channel id '0'
[05/21/23 20:31:59] [ERROR] DCC_SendChannelMessage: invalid channel id '0'
[05/21/23 20:39:36] [ERROR] DCC_SendChannelMessage: invalid channel id '0'
[05/21/23 20:39:48] [ERROR] DCC_SendChannelMessage: invalid channel id '0'
[05/21/23 20:45:58] [ERROR] DCC_SendChannelMessage: invalid channel id '0'
[05/21/23 20:46:11] [ERROR] DCC_SendChannelMessage: invalid channel id '0'
[05/21/23 20:48:32] [WARNING] Unknown gateway event 'GUILD_AUDIT_LOG_ENTRY_CREATE'
[05/21/23 20:56:07] [ERROR] DCC_SendChannelMessage: invalid channel id '0'
[05/21/23 20:56:22] [ERROR] DCC_SendChannelMessage: invalid channel id '0'
[05/21/23 21:05:16] [ERROR] DCC_SendChannelMessage: invalid channel id '0'
[05/21/23 21:05:31] [ERROR] DCC_SendChannelMessage: invalid channel id '0'
[05/21/23 21:08:57] [ERROR] DCC_SendChannelMessage: invalid channel id '0'
[05/21/23 21:09:14] [ERROR] DCC_SendChannelMessage: invalid channel id '0'
[05/21/23 21:09:52] [ERROR] DCC_SendChannelMessage: invalid channel id '0'
[05/21/23 21:10:05] [ERROR] DCC_SendChannelMessage: invalid channel id '0'
[05/21/23 21:15:25] [ERROR] DCC_SendChannelMessage: invalid channel id '0'
[05/21/23 21:16:11] [ERROR] DCC_SendChannelMessage: invalid channel id '0'
[05/21/23 21:16:49] [ERROR] DCC_SendChannelMessage: invalid channel id '0'
[05/21/23 21:18:45] [ERROR] DCC_SendChannelMessage: invalid channel id '0'
[05/21/23 21:19:24] [ERROR] DCC_SendChannelMessage: invalid channel id '0'
[05/21/23 21:19:50] [ERROR] DCC_SendChannelMessage: invalid channel id '0'
[05/21/23 21:20:21] [ERROR] DCC_SendChannelMessage: invalid channel id '0'
[05/21/23 22:07:45] [ERROR] DCC_SendChannelMessage: invalid channel id '0'
[05/21/23 22:09:05] [ERROR] DCC_SendChannelMessage: invalid channel id '0'
[05/21/23 22:10:28] [ERROR] DCC_SendChannelMessage: invalid channel id '0'
[05/21/23 22:12:24] [ERROR] DCC_SendChannelMessage: invalid channel id '0'
[05/21/23 22:14:58] [ERROR] DCC_SendChannelMessage: invalid channel id '0'
[05/21/23 22:16:45] [ERROR] DCC_SendChannelMessage: invalid channel id '0'
[05/21/23 22:17:15] [ERROR] DCC_SendChannelMessage: invalid channel id '0'
[05/21/23 22:19:45] [ERROR] DCC_SendChannelMessage: invalid channel id '0'
[05/21/23 22:20:15] [ERROR] DCC_SendChannelMessage: invalid channel id '0'
[05/21/23 22:20:51] [ERROR] DCC_SendChannelMessage: invalid channel id '0'
[05/21/23 22:23:39] [ERROR] DCC_SendChannelMessage: invalid channel id '0'
[05/21/23 22:24:05] [ERROR] DCC_SendChannelMessage: invalid channel id '0'
[05/21/23 22:28:17] [ERROR] DCC_SendChannelMessage: invalid channel id '0'
[05/21/23 22:35:18] [ERROR] DCC_SendChannelMessage: invalid channel id '0'
[05/21/23 22:35:43] [ERROR] DCC_SendChannelMessage: invalid channel id '0'
[05/21/23 22:53:02] [ERROR] DCC_SendChannelMessage: invalid channel id '0'
[05/21/23 22:54:28] [ERROR] DCC_SendChannelMessage: invalid channel id '0'
[05/21/23 23:06:39] [ERROR] DCC_SendChannelMessage: invalid channel id '0'
[05/21/23 23:07:02] [ERROR] DCC_SendChannelMessage: invalid channel id '0'
[05/22/23 05:27:49] [ERROR] DCC_SendChannelMessage: invalid channel id '0'
[05/22/23 05:28:20] [ERROR] DCC_SendChannelMessage: invalid channel id '0'
[05/22/23 05:30:25] [ERROR] DCC_SendChannelMessage: invalid channel id '0'
[05/22/23 05:32:00] [ERROR] DCC_SendChannelMessage: invalid channel id '0'
[05/22/23 05:34:03] [ERROR] DCC_SendChannelMessage: invalid channel id '0'
[05/22/23 05:35:16] [ERROR] DCC_SendChannelMessage: invalid channel id '0'
[05/22/23 18:36:00] [ERROR] DCC_SendChannelMessage: invalid channel id '0'
[05/22/23 18:37:10] [ERROR] DCC_SendChannelMessage: invalid channel id '0'
[05/22/23 18:42:02] [ERROR] DCC_SendChannelMessage: invalid channel id '0'
[05/22/23 19:09:33] [ERROR] Can't write to Discord websocket gateway: The I/O operation has been aborted because of either a thread exit or an application request (995)
[05/22/23 19:16:34] [ERROR] DCC_SendChannelMessage: invalid channel id '0'
[05/22/23 19:18:31] [ERROR] DCC_SendChannelMessage: invalid channel id '0'
[05/22/23 19:20:19] [ERROR] DCC_SendChannelMessage: invalid channel id '0'
[05/22/23 19:21:29] [ERROR] DCC_SendChannelMessage: invalid channel id '0'
[05/22/23 19:24:29] [ERROR] DCC_SendChannelMessage: invalid channel id '0'
[05/22/23 19:24:48] [ERROR] DCC_SendChannelMessage: invalid channel id '0'
[05/22/23 19:27:39] [ERROR] DCC_SendChannelMessage: invalid channel id '0'
[05/22/23 19:29:32] [ERROR] DCC_SendChannelMessage: invalid channel id '0'
[05/22/23 19:29:59] [ERROR] DCC_SendChannelMessage: invalid channel id '0'
[05/22/23 19:31:37] [ERROR] DCC_SendChannelMessage: invalid channel id '0'
[05/22/23 19:31:58] [ERROR] DCC_SendChannelMessage: invalid channel id '0'
[05/22/23 19:42:55] [ERROR] DCC_SendChannelMessage: invalid channel id '0'
[05/22/23 19:43:18] [ERROR] DCC_SendChannelMessage: invalid channel id '0'
[05/22/23 19:44:09] [ERROR] DCC_SendChannelMessage: invalid channel id '0'
[05/22/23 20:02:04] [ERROR] DCC_SendChannelMessage: invalid channel id '0'
[05/22/23 20:06:53] [ERROR] DCC_SendChannelMessage: invalid channel id '0'
[05/22/23 20:55:36] [ERROR] DCC_SendChannelMessage: invalid channel id '0'
[05/22/23 20:56:38] [ERROR] DCC_SendChannelMessage: invalid channel id '0'
[05/22/23 20:57:39] [ERROR] DCC_SendChannelMessage: invalid channel id '0'
[05/22/23 20:59:14] [ERROR] DCC_SendChannelMessage: invalid channel id '0'
[05/22/23 20:59:41] [ERROR] DCC_SendChannelMessage: invalid channel id '0'
[05/22/23 21:01:16] [ERROR] DCC_SendChannelMessage: invalid channel id '0'
[05/22/23 21:01:47] [ERROR] DCC_SendChannelMessage: invalid channel id '0'
[05/22/23 21:02:25] [ERROR] DCC_SendChannelMessage: invalid channel id '0'
[05/22/23 21:03:13] [ERROR] DCC_SendChannelMessage: invalid channel id '0'
[05/22/23 21:03:41] [ERROR] DCC_SendChannelMessage: invalid channel id '0'
[05/22/23 21:08:17] [ERROR] DCC_SendChannelMessage: invalid channel id '0'
[05/22/23 21:08:51] [ERROR] DCC_SendChannelMessage: invalid channel id '0'
[05/22/23 21:10:21] [ERROR] DCC_SendChannelMessage: invalid channel id '0'
[05/22/23 21:11:58] [ERROR] DCC_SendChannelMessage: invalid channel id '0'
[05/22/23 21:12:29] [ERROR] DCC_SendChannelMessage: invalid channel id '0'
[05/22/23 21:12:55] [ERROR] DCC_SendChannelMessage: invalid channel id '0'
[05/22/23 21:14:04] [ERROR] DCC_SendChannelMessage: invalid channel id '0'
[05/22/23 21:18:54] [ERROR] DCC_SendChannelMessage: invalid channel id '0'
[05/22/23 21:21:06] [ERROR] DCC_SendChannelMessage: invalid channel id '0'
[05/22/23 21:22:01] [ERROR] DCC_SendChannelMessage: invalid channel id '0'
[05/22/23 21:22:49] [ERROR] DCC_SendChannelMessage: invalid channel id '0'
[05/22/23 21:25:01] [ERROR] DCC_SendChannelMessage: invalid channel id '0'
[05/22/23 21:26:11] [ERROR] DCC_SendChannelMessage: invalid channel id '0'
[05/22/23 21:26:40] [ERROR] DCC_SendChannelMessage: invalid channel id '0'
[05/22/23 21:27:31] [ERROR] DCC_SendChannelMessage: invalid channel id '0'
[05/22/23 21:28:08] [ERROR] DCC_SendChannelMessage: invalid channel id '0'
[05/22/23 21:30:53] [ERROR] DCC_SendChannelMessage: invalid channel id '0'
[05/22/23 21:36:49] [ERROR] DCC_SendChannelMessage: invalid channel id '0'
[05/22/23 21:37:04] [ERROR] DCC_SendChannelMessage: invalid channel id '0'
[05/22/23 21:37:56] [ERROR] DCC_SendChannelMessage: invalid channel id '0'
[05/22/23 21:39:06] [ERROR] DCC_SendChannelMessage: invalid channel id '0'
[05/22/23 21:40:06] [ERROR] DCC_SendChannelMessage: invalid channel id '0'
[05/22/23 21:41:09] [ERROR] DCC_SendChannelMessage: invalid channel id '0'
[05/22/23 21:42:00] [ERROR] DCC_SendChannelMessage: invalid channel id '0'
[05/22/23 21:45:12] [ERROR] DCC_SendChannelMessage: invalid channel id '0'
[05/22/23 21:46:19] [ERROR] DCC_SendChannelMessage: invalid channel id '0'
[05/22/23 21:47:20] [ERROR] DCC_SendChannelMessage: invalid channel id '0'
[05/22/23 21:47:46] [ERROR] DCC_SendChannelMessage: invalid channel id '0'
[05/22/23 21:48:37] [ERROR] DCC_SendChannelMessage: invalid channel id '0'
[05/22/23 21:49:08] [ERROR] DCC_SendChannelMessage: invalid channel id '0'
[05/22/23 21:50:03] [ERROR] DCC_SendChannelMessage: invalid channel id '0'
[05/22/23 21:50:35] [ERROR] DCC_SendChannelMessage: invalid channel id '0'
[05/22/23 21:59:48] [ERROR] DCC_SendChannelMessage: invalid channel id '0'
[05/23/23 05:27:04] [ERROR] DCC_SendChannelMessage: invalid channel id '0'
[05/23/23 05:27:53] [ERROR] DCC_SendChannelMessage: invalid channel id '0'
[05/23/23 05:29:23] [ERROR] DCC_SendChannelMessage: invalid channel id '0'
[05/23/23 05:30:00] [ERROR] DCC_SendChannelMessage: invalid channel id '0'
[05/26/23 13:16:50] [ERROR] DCC_SendChannelMessage: invalid channel id '0'
[05/26/23 13:27:51] [ERROR] DCC_SendChannelMessage: invalid channel id '0'
[05/26/23 13:29:07] [ERROR] DCC_SendChannelMessage: invalid channel id '0'
[05/26/23 13:29:33] [ERROR] DCC_SendChannelMessage: invalid channel id '0'
[05/26/23 13:30:27] [ERROR] DCC_SendChannelMessage: invalid channel id '0'
[05/26/23 13:35:43] [ERROR] DCC_SendChannelMessage: invalid channel id '0'
[05/26/23 13:36:05] [ERROR] DCC_SendChannelMessage: invalid channel id '0'
[05/26/23 13:38:12] [ERROR] DCC_SendChannelMessage: invalid channel id '0'
[05/26/23 13:39:49] [ERROR] DCC_SendChannelMessage: invalid channel id '0'
[05/26/23 13:41:59] [ERROR] DCC_SendChannelMessage: invalid channel id '0'
[05/26/23 16:57:32] [ERROR] DCC_SendChannelMessage: invalid channel id '0'
[05/26/23 17:00:39] [ERROR] DCC_SendChannelMessage: invalid channel id '0'
[05/26/23 17:01:11] [ERROR] DCC_SendChannelMessage: invalid channel id '0'
[05/26/23 17:04:02] [ERROR] DCC_SendChannelMessage: invalid channel id '0'
[05/26/23 17:07:40] [ERROR] DCC_SendChannelMessage: invalid channel id '0'
[05/26/23 17:12:53] [ERROR] DCC_SendChannelMessage: invalid channel id '0'
[05/26/23 17:37:20] [ERROR] DCC_SendChannelMessage: invalid channel id '0'
[05/27/23 14:34:26] [ERROR] DCC_SendChannelMessage: invalid channel id '0'
[05/27/23 14:36:29] [ERROR] DCC_SendChannelMessage: invalid channel id '0'
[05/27/23 14:38:09] [ERROR] DCC_SendChannelMessage: invalid channel id '0'
[05/27/23 14:38:46] [ERROR] DCC_SendChannelMessage: invalid channel id '0'
[05/27/23 14:48:05] [ERROR] DCC_SendChannelMessage: invalid channel id '0'
[05/27/23 14:49:26] [ERROR] DCC_SendChannelMessage: invalid channel id '0'
[05/27/23 14:50:20] [ERROR] DCC_SendChannelMessage: invalid channel id '0'
[05/27/23 14:51:48] [ERROR] DCC_SendChannelMessage: invalid channel id '0'
[05/27/23 14:54:26] [ERROR] DCC_SendChannelMessage: invalid channel id '0'
[05/27/23 19:02:55] [ERROR] DCC_SendChannelMessage: invalid channel id '0'
[05/27/23 19:04:16] [ERROR] DCC_SendChannelMessage: invalid channel id '0'
[05/27/23 19:05:33] [ERROR] DCC_SendChannelMessage: invalid channel id '0'
[05/27/23 19:06:23] [ERROR] DCC_SendChannelMessage: invalid channel id '0'
[05/27/23 19:09:14] [ERROR] DCC_SendChannelMessage: invalid channel id '0'
[05/27/23 19:10:44] [ERROR] DCC_SendChannelMessage: invalid channel id '0'
[05/27/23 19:20:32] [ERROR] DCC_SendChannelMessage: invalid channel id '0'
[05/28/23 08:59:55] [ERROR] DCC_SendChannelMessage: invalid channel id '0'
[05/28/23 09:02:24] [ERROR] DCC_SendChannelMessage: invalid channel id '0'
[05/28/23 09:15:29] [ERROR] DCC_SendChannelMessage: invalid channel id '0'
[05/28/23 09:17:03] [ERROR] DCC_SendChannelMessage: invalid channel id '0'
[05/28/23 09:20:06] [ERROR] DCC_SendChannelMessage: invalid channel id '0'
[05/28/23 12:05:52] [ERROR] DCC_SendChannelMessage: invalid channel id '0'
[05/28/23 12:08:14] [ERROR] DCC_SendChannelMessage: invalid channel id '0'
[05/28/23 12:10:27] [ERROR] DCC_SendChannelMessage: invalid channel id '0'
[05/28/23 12:13:13] [ERROR] DCC_SendChannelMessage: invalid channel id '0'
[05/28/23 12:14:23] [ERROR] DCC_SendChannelMessage: invalid channel id '0'
[05/28/23 12:15:23] [ERROR] DCC_SendChannelMessage: invalid channel id '0'
[05/28/23 12:18:04] [ERROR] DCC_SendChannelMessage: invalid channel id '0'
[05/28/23 12:20:27] [ERROR] DCC_SendChannelMessage: invalid channel id '0'
[05/28/23 12:26:46] [ERROR] DCC_SendChannelMessage: invalid channel id '0'
[05/28/23 15:34:12] [ERROR] DCC_SendChannelMessage: invalid channel id '0'
[05/28/23 15:38:16] [ERROR] DCC_SendChannelMessage: invalid channel id '0'
[05/28/23 19:32:39] [ERROR] Can't write to Discord websocket gateway: The I/O operation has been aborted because of either a thread exit or an application request (995)
[05/28/23 19:33:07] [ERROR] Can't write to Discord websocket gateway: The I/O operation has been aborted because of either a thread exit or an application request (995)
[05/28/23 19:34:32] [ERROR] DCC_SendChannelMessage: invalid channel id '0'
[05/28/23 19:36:01] [ERROR] DCC_SendChannelMessage: invalid channel id '0'
[05/28/23 19:36:30] [ERROR] DCC_SendChannelMessage: invalid channel id '0'
[05/28/23 19:37:18] [ERROR] DCC_SendChannelMessage: invalid channel id '0'
[05/28/23 19:37:47] [ERROR] DCC_SendChannelMessage: invalid channel id '0'
[05/28/23 19:39:01] [ERROR] DCC_SendChannelMessage: invalid channel id '0'
[05/28/23 19:39:33] [ERROR] DCC_SendChannelMessage: invalid channel id '0'
[05/28/23 19:40:01] [ERROR] DCC_SendChannelMessage: invalid channel id '0'
[05/28/23 19:40:24] [ERROR] DCC_SendChannelMessage: invalid channel id '0'
[05/28/23 19:41:15] [ERROR] DCC_SendChannelMessage: invalid channel id '0'
[05/28/23 19:41:43] [ERROR] DCC_SendChannelMessage: invalid channel id '0'
[05/28/23 19:42:50] [ERROR] DCC_SendChannelMessage: invalid channel id '0'
[05/28/23 19:43:13] [ERROR] DCC_SendChannelMessage: invalid channel id '0'
[05/28/23 19:44:37] [ERROR] DCC_SendChannelMessage: invalid channel id '0'
[05/28/23 19:45:03] [ERROR] DCC_SendChannelMessage: invalid channel id '0'
[05/28/23 19:46:23] [ERROR] DCC_SendChannelMessage: invalid channel id '0'
[05/28/23 19:50:24] [ERROR] DCC_SendChannelMessage: invalid channel id '0'
[05/28/23 19:51:13] [ERROR] DCC_SendChannelMessage: invalid channel id '0'
[05/28/23 19:51:37] [ERROR] DCC_SendChannelMessage: invalid channel id '0'
[05/28/23 19:53:55] [ERROR] DCC_SendChannelMessage: invalid channel id '0'
[05/28/23 19:54:25] [ERROR] DCC_SendChannelMessage: invalid channel id '0'
[05/28/23 19:55:42] [ERROR] DCC_SendChannelMessage: invalid channel id '0'
[05/28/23 19:56:22] [ERROR] DCC_SendChannelMessage: invalid channel id '0'
[05/28/23 20:02:08] [ERROR] DCC_SendChannelMessage: invalid channel id '0'
[05/28/23 20:02:38] [ERROR] DCC_SendChannelMessage: invalid channel id '0'
[05/28/23 20:23:05] [ERROR] DCC_SendChannelMessage: invalid channel id '0'
[05/28/23 20:23:37] [ERROR] DCC_SendChannelMessage: invalid channel id '0'
[05/28/23 20:28:40] [ERROR] DCC_SendChannelMessage: invalid channel id '0'
[05/28/23 20:29:49] [ERROR] DCC_SendChannelMessage: invalid channel id '0'
[05/28/23 20:31:47] [ERROR] DCC_SendChannelMessage: invalid channel id '0'
[05/28/23 20:33:18] [ERROR] DCC_SendChannelMessage: invalid channel id '0'
[05/28/23 20:35:14] [ERROR] DCC_SendChannelMessage: invalid channel id '0'
[05/28/23 20:39:10] [ERROR] DCC_SendChannelMessage: invalid channel id '0'
[05/28/23 20:39:37] [ERROR] DCC_SendChannelMessage: invalid channel id '0'
[05/28/23 20:39:52] [ERROR] DCC_SendChannelMessage: invalid channel id '0'
[05/28/23 20:40:19] [ERROR] DCC_SendChannelMessage: invalid channel id '0'
[05/28/23 20:41:44] [ERROR] DCC_SendChannelMessage: invalid channel id '0'
[05/28/23 20:42:18] [ERROR] DCC_SendChannelMessage: invalid channel id '0'
[05/28/23 20:42:29] [ERROR] DCC_SendChannelMessage: invalid channel id '0'
[05/28/23 20:42:57] [ERROR] DCC_SendChannelMessage: invalid channel id '0'
[05/28/23 20:43:41] [ERROR] DCC_SendChannelMessage: invalid channel id '0'
[05/28/23 20:45:25] [ERROR] DCC_SendChannelMessage: invalid channel id '0'
[05/28/23 20:46:05] [ERROR] DCC_SendChannelMessage: invalid channel id '0'
[05/28/23 20:53:33] [ERROR] DCC_SendChannelMessage: invalid channel id '0'
[05/28/23 20:54:15] [ERROR] DCC_SendChannelMessage: invalid channel id '0'
[05/28/23 20:56:21] [ERROR] DCC_SendChannelMessage: invalid channel id '0'
[05/28/23 20:57:29] [ERROR] DCC_SendChannelMessage: invalid channel id '0'
[05/28/23 20:58:53] [ERROR] DCC_SendChannelMessage: invalid channel id '0'
[05/28/23 21:02:25] [ERROR] DCC_SendChannelMessage: invalid channel id '0'
[05/28/23 21:03:49] [ERROR] DCC_SendChannelMessage: invalid channel id '0'
[05/28/23 21:04:27] [ERROR] DCC_SendChannelMessage: invalid channel id '0'
[05/28/23 21:05:35] [ERROR] DCC_SendChannelMessage: invalid channel id '0'
[05/28/23 21:06:15] [ERROR] DCC_SendChannelMessage: invalid channel id '0'
[05/28/23 21:07:07] [ERROR] DCC_SendChannelMessage: invalid channel id '0'
[05/28/23 21:13:26] [ERROR] DCC_SendChannelMessage: invalid channel id '0'
[05/28/23 21:13:50] [ERROR] DCC_SendChannelMessage: invalid channel id '0'
[05/28/23 21:20:55] [ERROR] DCC_SendChannelMessage: invalid channel id '0'
[05/28/23 21:21:45] [ERROR] DCC_SendChannelMessage: invalid channel id '0'
[05/28/23 21:22:18] [ERROR] DCC_SendChannelMessage: invalid channel id '0'
[05/28/23 21:22:48] [ERROR] DCC_SendChannelMessage: invalid channel id '0'
[05/28/23 21:23:16] [ERROR] DCC_SendChannelMessage: invalid channel id '0'
[05/28/23 21:23:54] [ERROR] DCC_SendChannelMessage: invalid channel id '0'
[05/28/23 21:24:27] [ERROR] DCC_SendChannelMessage: invalid channel id '0'
[05/28/23 21:28:31] [ERROR] DCC_SendChannelMessage: invalid channel id '0'
[05/28/23 21:33:06] [ERROR] DCC_SendChannelMessage: invalid channel id '0'
[05/28/23 21:33:19] [ERROR] DCC_SendChannelMessage: invalid channel id '0'
[05/28/23 21:35:18] [ERROR] DCC_SendChannelMessage: invalid channel id '0'
[05/28/23 21:37:53] [ERROR] DCC_SendChannelMessage: invalid channel id '0'
[05/28/23 21:39:30] [ERROR] DCC_SendChannelMessage: invalid channel id '0'
[05/28/23 21:50:09] [ERROR] DCC_SendChannelMessage: invalid channel id '0'
[05/28/23 21:50:57] [ERROR] DCC_SendChannelMessage: invalid channel id '0'
[05/28/23 21:52:18] [ERROR] DCC_SendChannelMessage: invalid channel id '0'
[05/28/23 21:53:45] [ERROR] DCC_SendChannelMessage: invalid channel id '0'
[05/28/23 21:54:58] [ERROR] DCC_SendChannelMessage: invalid channel id '0'
[05/28/23 21:56:47] [ERROR] DCC_SendChannelMessage: invalid channel id '0'
[05/28/23 21:58:02] [ERROR] DCC_SendChannelMessage: invalid channel id '0'
[05/28/23 21:58:28] [ERROR] DCC_SendChannelMessage: invalid channel id '0'
[05/28/23 22:01:31] [ERROR] DCC_SendChannelMessage: invalid channel id '0'
