[9/19/2023 12:13:01 PM] [WARNING] mysql_connect: no password specified
[9/19/2023 12:13:01 PM] [ERROR] mysql_tquery: callback error: callback "Job_LoadVehicleData" does not exist
[9/19/2023 12:22:36 PM] [WARNING] mysql_connect: no password specified
[9/19/2023 12:22:37 PM] [ERROR] mysql_tquery: callback error: callback "Job_LoadVehicleData" does not exist
[9/19/2023 12:26:51 PM] [WARNING] mysql_connect: no password specified
[9/19/2023 12:26:51 PM] [ERROR] mysql_tquery: callback error: callback "Job_LoadVehicleData" does not exist
[9/19/2023 12:30:22 PM] [WARNING] mysql_connect: no password specified
[9/19/2023 12:30:22 PM] [ERROR] mysql_tquery: callback error: callback "Job_LoadVehicleData" does not exist
[9/19/2023 12:31:12 PM] [WARNING] mysql_connect: no password specified
[9/19/2023 12:31:12 PM] [ERROR] mysql_tquery: callback error: callback "Job_LoadVehicleData" does not exist
[9/19/2023 12:36:41 PM] [WARNING] mysql_connect: no password specified
[9/19/2023 12:36:41 PM] [ERROR] mysql_tquery: callback error: callback "Job_LoadVehicleData" does not exist
[9/19/2023 12:40:31 PM] [WARNING] mysql_connect: no password specified
[9/19/2023 12:40:32 PM] [ERROR] mysql_tquery: callback error: callback "Job_LoadVehicleData" does not exist
[9/19/2023 1:13:07 PM] [WARNING] mysql_connect: no password specified
[9/19/2023 1:13:08 PM] [ERROR] mysql_tquery: callback error: callback "Job_LoadVehicleData" does not exist
[9/19/2023 2:13:52 PM] [WARNING] mysql_connect: no password specified
[9/19/2023 2:13:52 PM] [ERROR] mysql_tquery: callback error: callback "Job_LoadVehicleData" does not exist
[9/19/2023 2:21:57 PM] [WARNING] mysql_connect: no password specified
[9/19/2023 2:21:57 PM] [ERROR] mysql_tquery: callback error: callback "Job_LoadVehicleData" does not exist
[9/19/2023 4:33:28 PM] [WARNING] mysql_connect: no password specified
[9/19/2023 4:33:32 PM] [ERROR] CConnection::CConnection - establishing connection to MySQL database failed: #2002 'Can't connect to MySQL server on 'localhost' (10061)'
[9/19/2023 4:33:37 PM] [ERROR] CConnection::CConnection - establishing connection to MySQL database failed: #2002 'Can't connect to MySQL server on 'localhost' (10061)'
[9/19/2023 4:33:41 PM] [ERROR] CConnection::CConnection - establishing connection to MySQL database failed: #2002 'Can't connect to MySQL server on 'localhost' (10061)'
[9/19/2023 4:33:45 PM] [ERROR] CConnection::CConnection - establishing connection to MySQL database failed: #2002 'Can't connect to MySQL server on 'localhost' (10061)'
[9/19/2023 4:33:45 PM] [ERROR] mysql_tquery: callback error: callback "Job_LoadVehicleData" does not exist
[9/19/2023 4:34:26 PM] [WARNING] mysql_connect: no password specified
[9/19/2023 4:34:26 PM] [ERROR] mysql_tquery: callback error: callback "Job_LoadVehicleData" does not exist
[9/19/2023 4:34:28 PM] [ERROR] error #2013 while executing query "SELECT * FROM `cars`": Lost connection to MySQL server during query
[9/19/2023 4:34:28 PM] [ERROR] error #2013 while executing query "SELECT * FROM `metros`": Lost connection to MySQL server during query
[9/19/2023 4:34:28 PM] [ERROR] error #2013 while executing query "SELECT * FROM `safezones`": Lost connection to MySQL server during query
[9/19/2023 4:34:32 PM] [ERROR] error #2002 while executing query "SELECT * FROM bankers": Can't connect to MySQL server on 'localhost' (10061)
[9/19/2023 5:00:05 PM] [WARNING] mysql_connect: no password specified
[9/19/2023 5:00:05 PM] [ERROR] mysql_tquery: callback error: callback "Job_LoadVehicleData" does not exist
[9/19/2023 6:53:22 PM] [WARNING] mysql_connect: no password specified
[9/19/2023 6:53:22 PM] [ERROR] mysql_tquery: callback error: callback "Job_LoadVehicleData" does not exist
[9/19/2023 7:10:29 PM] [WARNING] mysql_connect: no password specified
[9/19/2023 7:10:29 PM] [ERROR] error #1146 while executing query "SELECT * FROM `job_vehicles`": Table 'maryland.job_vehicles' doesn't exist
[9/19/2023 7:19:36 PM] [WARNING] mysql_connect: no password specified
[9/19/2023 7:19:36 PM] [ERROR] mysql_tquery: callback error: callback "Job_LoadVehicleData" does not exist
[9/19/2023 7:20:57 PM] [WARNING] mysql_connect: no password specified
[9/19/2023 7:20:57 PM] [ERROR] mysql_tquery: callback error: callback "Job_LoadVehicleData" does not exist
[9/19/2023 7:24:22 PM] [WARNING] mysql_connect: no password specified
[9/19/2023 7:24:22 PM] [ERROR] mysql_tquery: callback error: callback "Job_LoadVehicleData" does not exist
[9/19/2023 7:30:27 PM] [WARNING] mysql_connect: no password specified
[9/19/2023 7:30:27 PM] [ERROR] mysql_tquery: callback error: callback "Job_LoadVehicleData" does not exist
[9/19/2023 7:32:24 PM] [WARNING] mysql_connect: no password specified
[9/19/2023 7:32:24 PM] [ERROR] mysql_tquery: callback error: callback "Job_LoadVehicleData" does not exist
[9/19/2023 7:32:59 PM] [WARNING] mysql_connect: no password specified
[9/19/2023 7:32:59 PM] [ERROR] mysql_tquery: callback error: callback "Job_LoadVehicleData" does not exist
[9/19/2023 7:37:14 PM] [WARNING] mysql_connect: no password specified
[9/19/2023 7:37:14 PM] [ERROR] mysql_tquery: callback error: callback "Job_LoadVehicleData" does not exist
[9/19/2023 7:39:47 PM] [WARNING] mysql_connect: no password specified
[9/19/2023 7:39:48 PM] [ERROR] mysql_tquery: callback error: callback "Job_LoadVehicleData" does not exist
[9/19/2023 7:46:27 PM] [WARNING] mysql_connect: no password specified
[9/19/2023 7:46:28 PM] [ERROR] mysql_tquery: callback error: callback "Job_LoadVehicleData" does not exist
[9/19/2023 7:47:04 PM] [WARNING] mysql_connect: no password specified
[9/19/2023 7:47:04 PM] [ERROR] mysql_tquery: callback error: callback "Job_LoadVehicleData" does not exist
[9/19/2023 7:53:44 PM] [WARNING] mysql_connect: no password specified
[9/19/2023 7:53:44 PM] [ERROR] mysql_tquery: callback error: callback "Job_LoadVehicleData" does not exist
[9/19/2023 8:02:42 PM] [WARNING] mysql_connect: no password specified
[9/19/2023 8:02:42 PM] [ERROR] mysql_tquery: callback error: callback "Job_LoadVehicleData" does not exist
[9/19/2023 8:07:08 PM] [WARNING] mysql_connect: no password specified
[9/19/2023 8:07:08 PM] [ERROR] mysql_tquery: callback error: callback "Job_LoadVehicleData" does not exist
[9/19/2023 8:13:16 PM] [WARNING] mysql_connect: no password specified
[9/19/2023 8:13:16 PM] [ERROR] mysql_tquery: callback error: callback "Job_LoadVehicleData" does not exist
[9/19/2023 8:33:19 PM] [WARNING] mysql_connect: no password specified
[9/19/2023 8:33:19 PM] [ERROR] mysql_tquery: callback error: callback "Job_LoadVehicleData" does not exist
[9/20/2023 7:21:01 AM] [WARNING] mysql_connect: no password specified
[9/20/2023 7:21:01 AM] [ERROR] mysql_tquery: callback error: callback "Job_LoadVehicleData" does not exist
[9/20/2023 7:36:44 AM] [WARNING] mysql_connect: no password specified
[9/20/2023 7:36:44 AM] [ERROR] mysql_tquery: callback error: callback "Job_LoadVehicleData" does not exist
[9/20/2023 7:58:44 AM] [WARNING] mysql_connect: no password specified
[9/20/2023 7:58:44 AM] [ERROR] mysql_tquery: callback error: callback "Job_LoadVehicleData" does not exist
[9/20/2023 8:37:25 PM] [WARNING] mysql_connect: no password specified
[9/20/2023 8:37:25 PM] [ERROR] mysql_tquery: callback error: callback "Job_LoadVehicleData" does not exist
[9/20/2023 8:41:14 PM] [WARNING] mysql_connect: no password specified
[9/20/2023 8:41:14 PM] [ERROR] mysql_tquery: callback error: callback "Job_LoadVehicleData" does not exist
[9/20/2023 8:45:30 PM] [WARNING] mysql_connect: no password specified
[9/20/2023 8:45:30 PM] [ERROR] mysql_tquery: callback error: callback "Job_LoadVehicleData" does not exist
[9/20/2023 8:48:55 PM] [WARNING] mysql_connect: no password specified
[9/20/2023 8:48:55 PM] [ERROR] mysql_tquery: callback error: callback "Job_LoadVehicleData" does not exist
[9/20/2023 8:51:13 PM] [WARNING] mysql_connect: no password specified
[9/20/2023 8:51:13 PM] [ERROR] mysql_tquery: callback error: callback "Job_LoadVehicleData" does not exist
[9/20/2023 8:52:18 PM] [WARNING] mysql_connect: no password specified
[9/20/2023 8:52:18 PM] [ERROR] mysql_tquery: callback error: callback "Job_LoadVehicleData" does not exist
[9/20/2023 8:54:15 PM] [ERROR] mysql_format: destination size '369' is too small
[9/20/2023 8:54:15 PM] [ERROR] error #1065 while executing query "": Query was empty
[9/20/2023 9:08:18 PM] [WARNING] mysql_connect: no password specified
[9/20/2023 9:08:18 PM] [ERROR] mysql_tquery: callback error: callback "Job_LoadVehicleData" does not exist
[9/20/2023 9:09:44 PM] [ERROR] mysql_format: destination size '369' is too small
[9/20/2023 9:09:44 PM] [ERROR] error #1065 while executing query "": Query was empty
[9/20/2023 9:12:53 PM] [WARNING] mysql_connect: no password specified
[9/20/2023 9:12:53 PM] [ERROR] mysql_tquery: callback error: callback "Job_LoadVehicleData" does not exist
[9/20/2023 9:15:18 PM] [WARNING] mysql_connect: no password specified
[9/20/2023 9:15:18 PM] [ERROR] mysql_tquery: callback error: callback "Job_LoadVehicleData" does not exist
[9/20/2023 9:16:03 PM] [WARNING] mysql_connect: no password specified
[9/20/2023 9:16:03 PM] [ERROR] mysql_tquery: callback error: callback "Job_LoadVehicleData" does not exist
[9/20/2023 9:21:12 PM] [ERROR] mysql_format: no value for specifier '%i' passed
[9/20/2023 9:21:12 PM] [ERROR] error #1065 while executing query "": Query was empty
[9/20/2023 9:23:06 PM] [WARNING] mysql_connect: no password specified
[9/20/2023 9:23:06 PM] [ERROR] mysql_tquery: callback error: callback "Job_LoadVehicleData" does not exist
[9/20/2023 9:24:30 PM] [ERROR] error #1064 while executing query "INSERT INTO `faction_police` (`fPoliceName`, `fPoliceShortName`, `fPoliceAdress`, `fPoliceType`, `fPoliceX`, `fPoliceY`, `fPoliceZ` `fPoliceRank1`, `fPoliceRank2`, `fPoliceRank3`, `fPoliceSkins1`, `fPoliceSkins2`, `fPoliceSkins3`, `fPoliceSkins4`) VALUES ('Palicija Bejha', 'PBHD', 'Market, Maryland', '1', '808.391663', '-1322.791016', '13.568503', 'Rank 1', 'Rank 2', 'Rank 3', '1', '2', '3', '292')": You have an error in your SQL syntax; check the manual that corresponds to your MariaDB server version for the right syntax to use near '`fPoliceRank1`, `fPoliceRank2`, `fPoliceRank3`, `fPoliceSkins1`, `fPoliceSkin...' at line 1
[9/20/2023 9:27:43 PM] [WARNING] mysql_connect: no password specified
[9/20/2023 9:27:43 PM] [ERROR] mysql_tquery: callback error: callback "Job_LoadVehicleData" does not exist
[9/20/2023 9:33:07 PM] [WARNING] mysql_connect: no password specified
[9/20/2023 9:33:07 PM] [ERROR] mysql_tquery: callback error: callback "Job_LoadVehicleData" does not exist
[9/20/2023 9:33:07 PM] [ERROR] cache_get_value_name_float: field 'fPoliceExitX' not found
[9/20/2023 9:33:07 PM] [ERROR] cache_get_value_name_float: field 'fPoliceExitY' not found
[9/20/2023 9:33:07 PM] [ERROR] cache_get_value_name_float: field 'fPoliceExitZ' not found
