[9/19/2023 10:14:24 AM] [INFO] received Windows console close event; shutting log-core down
[9/19/2023 12:12:36 PM] [INFO] received Windows console close event; shutting log-core down
[9/19/2023 12:18:06 PM] [INFO] received Windows console close event; shutting log-core down
[9/19/2023 12:24:14 PM] [INFO] received Windows console close event; shutting log-core down
[9/19/2023 12:27:00 PM] [INFO] received Windows console close event; shutting log-core down
[9/19/2023 12:30:31 PM] [INFO] received Windows console close event; shutting log-core down
[9/19/2023 12:35:52 PM] [INFO] received Windows console close event; shutting log-core down
[9/19/2023 12:37:27 PM] [INFO] received Windows console close event; shutting log-core down
[9/19/2023 12:41:18 PM] [INFO] received Windows console close event; shutting log-core down
[9/19/2023 1:15:17 PM] [INFO] received Windows console close event; shutting log-core down
[9/19/2023 2:15:09 PM] [INFO] received Windows console close event; shutting log-core down
[9/19/2023 2:26:14 PM] [INFO] received Windows console close event; shutting log-core down
[9/19/2023 4:34:34 PM] [INFO] received Windows console close event; shutting log-core down
[9/19/2023 6:53:06 PM] [INFO] received Windows console close event; shutting log-core down
[9/19/2023 7:19:32 PM] [INFO] received Windows console close event; shutting log-core down
[9/19/2023 7:20:54 PM] [INFO] received Windows console close event; shutting log-core down
[9/19/2023 7:24:17 PM] [INFO] received Windows console close event; shutting log-core down
[9/19/2023 7:30:19 PM] [INFO] received Windows console close event; shutting log-core down
[9/19/2023 7:32:21 PM] [INFO] received Windows console close event; shutting log-core down
[9/19/2023 7:32:56 PM] [INFO] received Windows console close event; shutting log-core down
[9/19/2023 7:39:02 PM] [INFO] received Windows console close event; shutting log-core down
[9/19/2023 7:46:24 PM] [INFO] received Windows console close event; shutting log-core down
[9/19/2023 7:47:02 PM] [INFO] received Windows console close event; shutting log-core down
[9/19/2023 7:50:33 PM] [INFO] received Windows console close event; shutting log-core down
[9/19/2023 8:05:39 PM] [INFO] received Windows console close event; shutting log-core down
[9/19/2023 8:05:39 PM] [INFO] received Windows console close event; shutting log-core down
[9/19/2023 8:05:43 PM] [INFO] received Windows console close event; shutting log-core down
[9/19/2023 8:06:39 PM] [INFO] received Windows console close event; shutting log-core down
[9/19/2023 8:08:11 PM] [INFO] received Windows console close event; shutting log-core down
[9/19/2023 8:12:06 PM] [INFO] received Windows console close event; shutting log-core down
[9/19/2023 8:33:07 PM] [INFO] received Windows console close event; shutting log-core down
[9/20/2023 7:22:38 AM] [INFO] received Windows console close event; shutting log-core down
[9/20/2023 7:38:15 AM] [INFO] received Windows console close event; shutting log-core down
[9/20/2023 8:04:20 AM] [INFO] received Windows console close event; shutting log-core down
[9/20/2023 8:41:02 PM] [INFO] received Windows console close event; shutting log-core down
[9/20/2023 8:45:23 PM] [INFO] received Windows console close event; shutting log-core down
[9/20/2023 8:48:13 PM] [INFO] received Windows console close event; shutting log-core down
[9/20/2023 8:51:09 PM] [INFO] received Windows console close event; shutting log-core down
[9/20/2023 8:52:13 PM] [INFO] received Windows console close event; shutting log-core down
[9/20/2023 9:08:08 PM] [INFO] received Windows console close event; shutting log-core down
[9/20/2023 9:12:44 PM] [INFO] received Windows console close event; shutting log-core down
[9/20/2023 9:15:14 PM] [INFO] received Windows console close event; shutting log-core down
[9/20/2023 9:15:59 PM] [INFO] received Windows console close event; shutting log-core down
[9/20/2023 9:27:15 PM] [INFO] received Windows console close event; shutting log-core down
[9/20/2023 9:32:52 PM] [INFO] received Windows console close event; shutting log-core down
[9/20/2023 10:00:41 PM] [INFO] received Windows console close event; shutting log-core down
[9/21/2023 4:50:58 PM] [INFO] received Windows console close event; shutting log-core down
[9/21/2023 4:51:37 PM] [INFO] received Windows console close event; shutting log-core down
[9/21/2023 4:57:43 PM] [INFO] received Windows console close event; shutting log-core down
[9/21/2023 5:02:41 PM] [INFO] received Windows console close event; shutting log-core down
[9/21/2023 5:11:17 PM] [INFO] received Windows console close event; shutting log-core down
[9/21/2023 5:28:39 PM] [INFO] received Windows console close event; shutting log-core down
[9/21/2023 5:51:34 PM] [INFO] received Windows console close event; shutting log-core down
[9/21/2023 8:16:37 PM] [INFO] received Windows console close event; shutting log-core down
[9/21/2023 8:25:51 PM] [INFO] received Windows console close event; shutting log-core down
[9/21/2023 8:25:53 PM] [INFO] received Windows console close event; shutting log-core down
[9/21/2023 8:35:41 PM] [INFO] received Windows console close event; shutting log-core down
[9/21/2023 8:36:19 PM] [INFO] received Windows console close event; shutting log-core down
[9/21/2023 8:42:40 PM] [INFO] received Windows console close event; shutting log-core down
[9/22/2023 10:21:15 AM] [INFO] received Windows console close event; shutting log-core down
[9/22/2023 10:25:59 AM] [INFO] received Windows console close event; shutting log-core down
[9/22/2023 10:41:35 AM] [INFO] received Windows console close event; shutting log-core down
[9/22/2023 10:42:52 AM] [INFO] received Windows console close event; shutting log-core down
[9/22/2023 10:44:46 AM] [INFO] received Windows console close event; shutting log-core down
[9/22/2023 7:56:11 PM] [INFO] received Windows console close event; shutting log-core down
[9/22/2023 7:58:25 PM] [INFO] received Windows console close event; shutting log-core down
[9/23/2023 3:15:42 PM] [INFO] received Windows console close event; shutting log-core down
[9/23/2023 3:19:15 PM] [INFO] received Windows console close event; shutting log-core down
[9/23/2023 3:33:02 PM] [INFO] received Windows console close event; shutting log-core down
[9/23/2023 3:33:03 PM] [INFO] received Windows console close event; shutting log-core down
[9/23/2023 3:33:18 PM] [INFO] received Windows console close event; shutting log-core down
[9/23/2023 3:46:16 PM] [INFO] received Windows console close event; shutting log-core down
[9/23/2023 3:51:41 PM] [INFO] received Windows console close event; shutting log-core down
[9/23/2023 3:52:58 PM] [INFO] received Windows console close event; shutting log-core down
[9/23/2023 4:02:31 PM] [INFO] received Windows console close event; shutting log-core down
[9/23/2023 4:03:08 PM] [INFO] received Windows console close event; shutting log-core down
[9/23/2023 4:07:09 PM] [INFO] received Windows console close event; shutting log-core down
[9/23/2023 4:58:38 PM] [INFO] received Windows console close event; shutting log-core down
[9/23/2023 4:59:10 PM] [INFO] received Windows console close event; shutting log-core down
[9/23/2023 5:07:33 PM] [INFO] received Windows console close event; shutting log-core down
[9/23/2023 5:12:44 PM] [INFO] received Windows console close event; shutting log-core down
[9/23/2023 5:13:27 PM] [INFO] received Windows console close event; shutting log-core down
[9/23/2023 5:18:35 PM] [INFO] received Windows console close event; shutting log-core down
[9/23/2023 5:28:12 PM] [INFO] received Windows console close event; shutting log-core down
[9/23/2023 5:29:57 PM] [INFO] received Windows console close event; shutting log-core down
[9/23/2023 7:21:50 PM] [INFO] received Windows console close event; shutting log-core down
[9/23/2023 7:23:05 PM] [INFO] received Windows console close event; shutting log-core down
[9/24/2023 9:36:32 PM] [INFO] received Windows console close event; shutting log-core down
[9/24/2023 9:38:03 PM] [INFO] received Windows console close event; shutting log-core down
[9/25/2023 2:47:52 PM] [INFO] received Windows console close event; shutting log-core down
[9/25/2023 5:11:29 PM] [INFO] received Windows console close event; shutting log-core down
[9/25/2023 6:06:00 PM] [INFO] received Windows console close event; shutting log-core down
[9/25/2023 6:07:01 PM] [INFO] received Windows console close event; shutting log-core down
[9/25/2023 6:07:04 PM] [INFO] received Windows console close event; shutting log-core down
[9/25/2023 6:18:08 PM] [INFO] received Windows console close event; shutting log-core down
[9/25/2023 6:20:39 PM] [INFO] received Windows console close event; shutting log-core down
[9/25/2023 6:35:56 PM] [INFO] received Windows console close event; shutting log-core down
[9/25/2023 6:37:08 PM] [INFO] received Windows console close event; shutting log-core down
[9/25/2023 6:44:43 PM] [INFO] received Windows console close event; shutting log-core down
[9/25/2023 6:45:26 PM] [INFO] received Windows console close event; shutting log-core down
[9/25/2023 6:47:26 PM] [INFO] received Windows console close event; shutting log-core down
[9/25/2023 6:54:11 PM] [INFO] received Windows console close event; shutting log-core down
[9/25/2023 6:54:50 PM] [INFO] received Windows console close event; shutting log-core down
[9/25/2023 6:59:46 PM] [INFO] received Windows console close event; shutting log-core down
[9/25/2023 7:00:25 PM] [INFO] received Windows console close event; shutting log-core down
[9/25/2023 7:10:56 PM] [INFO] received Windows console close event; shutting log-core down
[9/25/2023 7:25:22 PM] [INFO] received Windows console close event; shutting log-core down
[9/25/2023 7:30:38 PM] [INFO] received Windows console close event; shutting log-core down
[9/25/2023 7:30:41 PM] [INFO] received Windows console close event; shutting log-core down
[9/25/2023 7:30:48 PM] [INFO] received Windows console close event; shutting log-core down
[9/25/2023 7:33:31 PM] [INFO] received Windows console close event; shutting log-core down
[9/25/2023 7:33:52 PM] [INFO] received Windows console close event; shutting log-core down
[9/25/2023 7:40:58 PM] [INFO] received Windows console close event; shutting log-core down
[9/25/2023 8:44:49 PM] [INFO] received Windows console close event; shutting log-core down
[9/25/2023 8:54:21 PM] [INFO] received Windows console close event; shutting log-core down
[9/25/2023 9:04:28 PM] [INFO] received Windows console close event; shutting log-core down
[9/25/2023 9:10:41 PM] [INFO] received Windows console close event; shutting log-core down
[9/25/2023 9:12:07 PM] [INFO] received Windows console close event; shutting log-core down
[9/25/2023 9:16:37 PM] [INFO] received Windows console close event; shutting log-core down
[9/25/2023 9:20:55 PM] [INFO] received Windows console close event; shutting log-core down
[9/25/2023 9:21:29 PM] [INFO] received Windows console close event; shutting log-core down
[9/25/2023 9:25:57 PM] [INFO] received Windows console close event; shutting log-core down
[9/25/2023 9:26:20 PM] [INFO] received Windows console close event; shutting log-core down
[9/25/2023 9:28:08 PM] [INFO] received Windows console close event; shutting log-core down
[9/25/2023 9:29:39 PM] [INFO] received Windows console close event; shutting log-core down
[9/25/2023 10:06:10 PM] [INFO] received Windows console close event; shutting log-core down
[9/25/2023 10:41:06 PM] [INFO] received Windows console close event; shutting log-core down
[9/25/2023 10:44:31 PM] [INFO] received Windows console close event; shutting log-core down
[9/25/2023 10:45:02 PM] [INFO] received Windows console close event; shutting log-core down
[9/25/2023 10:49:58 PM] [INFO] received Windows console close event; shutting log-core down
[9/26/2023 3:21:40 PM] [INFO] received Windows console close event; shutting log-core down
[9/26/2023 3:24:59 PM] [INFO] received Windows console close event; shutting log-core down
[9/26/2023 3:29:18 PM] [INFO] received Windows console close event; shutting log-core down
[9/26/2023 3:29:53 PM] [INFO] received Windows console close event; shutting log-core down
[9/26/2023 3:32:49 PM] [INFO] received Windows console close event; shutting log-core down
[9/26/2023 3:33:32 PM] [INFO] received Windows console close event; shutting log-core down
[9/26/2023 3:41:48 PM] [INFO] received Windows console close event; shutting log-core down
[9/26/2023 4:13:48 PM] [INFO] received Windows console close event; shutting log-core down
[9/26/2023 4:15:46 PM] [INFO] received Windows console close event; shutting log-core down
[9/26/2023 4:48:17 PM] [INFO] received Windows console close event; shutting log-core down
[9/26/2023 4:49:08 PM] [INFO] received Windows console close event; shutting log-core down
[9/26/2023 4:50:56 PM] [INFO] received Windows console close event; shutting log-core down
[9/26/2023 4:52:57 PM] [INFO] received Windows console close event; shutting log-core down
[9/26/2023 4:56:02 PM] [INFO] received Windows console close event; shutting log-core down
[9/26/2023 4:56:18 PM] [INFO] received Windows console close event; shutting log-core down
[9/26/2023 5:00:03 PM] [INFO] received Windows console close event; shutting log-core down
[9/26/2023 5:05:57 PM] [INFO] received Windows console close event; shutting log-core down
[9/26/2023 5:06:15 PM] [INFO] received Windows console close event; shutting log-core down
[9/26/2023 5:10:18 PM] [INFO] received Windows console close event; shutting log-core down
[9/26/2023 5:15:04 PM] [INFO] received Windows console close event; shutting log-core down
[9/26/2023 5:39:57 PM] [INFO] received Windows console close event; shutting log-core down
[9/26/2023 5:54:13 PM] [INFO] received Windows console close event; shutting log-core down
[9/26/2023 5:57:27 PM] [INFO] received Windows console close event; shutting log-core down
[9/26/2023 5:59:09 PM] [INFO] received Windows console close event; shutting log-core down
[9/26/2023 6:05:26 PM] [INFO] received Windows console close event; shutting log-core down
[9/26/2023 6:11:01 PM] [INFO] received Windows console close event; shutting log-core down
[9/26/2023 6:11:23 PM] [INFO] received Windows console close event; shutting log-core down
[9/26/2023 6:14:48 PM] [INFO] received Windows console close event; shutting log-core down
[9/26/2023 6:15:06 PM] [INFO] received Windows console close event; shutting log-core down
[9/26/2023 6:20:38 PM] [INFO] received Windows console close event; shutting log-core down
[9/26/2023 6:21:15 PM] [INFO] received Windows console close event; shutting log-core down
[9/26/2023 6:34:27 PM] [INFO] received Windows console close event; shutting log-core down
[9/26/2023 6:35:24 PM] [INFO] received Windows console close event; shutting log-core down
[9/26/2023 6:47:52 PM] [INFO] received Windows console close event; shutting log-core down
[9/26/2023 7:32:32 PM] [INFO] received Windows console close event; shutting log-core down
[9/26/2023 7:43:55 PM] [INFO] received Windows console close event; shutting log-core down
[9/26/2023 7:44:15 PM] [INFO] received Windows console close event; shutting log-core down
[9/26/2023 7:46:57 PM] [INFO] received Windows console close event; shutting log-core down
[9/26/2023 7:59:28 PM] [INFO] received Windows console close event; shutting log-core down
[9/26/2023 8:00:07 PM] [INFO] received Windows console close event; shutting log-core down
[9/26/2023 8:07:06 PM] [INFO] received Windows console close event; shutting log-core down
[9/26/2023 8:18:21 PM] [INFO] received Windows console close event; shutting log-core down
[9/26/2023 8:27:33 PM] [INFO] received Windows console close event; shutting log-core down
[9/26/2023 8:31:59 PM] [INFO] received Windows console close event; shutting log-core down
[9/26/2023 8:39:56 PM] [INFO] received Windows console close event; shutting log-core down
[9/26/2023 8:42:54 PM] [INFO] received Windows console close event; shutting log-core down
[9/26/2023 8:57:16 PM] [INFO] received Windows console close event; shutting log-core down
[9/27/2023 3:52:06 PM] [INFO] received Windows console close event; shutting log-core down
[9/27/2023 4:28:34 PM] [ERROR] exception 0XC0000005 (ACCESS_VIOLATION) from Vectored Exception Handler catched; shutting log-core down
[9/27/2023 4:40:44 PM] [INFO] received Windows console close event; shutting log-core down
[9/27/2023 4:42:15 PM] [ERROR] exception 0XC0000005 (ACCESS_VIOLATION) from Vectored Exception Handler catched; shutting log-core down
[9/27/2023 4:46:06 PM] [ERROR] exception 0XC0000005 (ACCESS_VIOLATION) from Vectored Exception Handler catched; shutting log-core down
[9/27/2023 4:48:40 PM] [ERROR] exception 0XC0000005 (ACCESS_VIOLATION) from Vectored Exception Handler catched; shutting log-core down
[9/27/2023 4:51:09 PM] [ERROR] exception 0XC0000005 (ACCESS_VIOLATION) from Vectored Exception Handler catched; shutting log-core down
[9/27/2023 4:56:26 PM] [INFO] received Windows console close event; shutting log-core down
[9/27/2023 4:56:39 PM] [INFO] received Windows console close event; shutting log-core down
[9/27/2023 4:59:48 PM] [INFO] received Windows console close event; shutting log-core down
[9/27/2023 6:18:15 PM] [INFO] received Windows console close event; shutting log-core down
[9/27/2023 6:24:19 PM] [INFO] received Windows console close event; shutting log-core down
[9/27/2023 6:29:57 PM] [INFO] received Windows console close event; shutting log-core down
[9/27/2023 6:33:01 PM] [INFO] received Windows console close event; shutting log-core down
[9/27/2023 6:46:46 PM] [INFO] received Windows console close event; shutting log-core down
[9/27/2023 6:47:28 PM] [INFO] received Windows console close event; shutting log-core down
[9/27/2023 8:17:10 PM] [ERROR] exception 0XC0000005 (ACCESS_VIOLATION) from Vectored Exception Handler catched; shutting log-core down
[9/27/2023 8:18:39 PM] [INFO] received Windows console close event; shutting log-core down
[9/27/2023 8:19:23 PM] [INFO] received Windows console close event; shutting log-core down
[9/27/2023 8:22:56 PM] [INFO] received Windows console close event; shutting log-core down
[9/27/2023 8:23:31 PM] [INFO] received Windows console close event; shutting log-core down
[9/27/2023 8:33:46 PM] [INFO] received Windows console close event; shutting log-core down
[9/28/2023 1:36:51 AM] [INFO] received Windows console close event; shutting log-core down
[9/28/2023 1:22:22 PM] [INFO] received Windows console close event; shutting log-core down
[9/28/2023 1:25:13 PM] [ERROR] exception 0X80000001 (<unknown>) from Unhandled Exception Handler catched; shutting log-core down
[9/28/2023 1:27:07 PM] [ERROR] exception 0X80000001 (<unknown>) from Unhandled Exception Handler catched; shutting log-core down
[9/28/2023 1:51:24 PM] [INFO] received Windows console close event; shutting log-core down
[9/28/2023 2:42:34 PM] [INFO] received Windows console close event; shutting log-core down
[9/28/2023 6:43:08 PM] [INFO] received Windows console close event; shutting log-core down
[9/28/2023 6:43:19 PM] [INFO] received Windows console close event; shutting log-core down
[9/28/2023 6:43:32 PM] [INFO] received Windows console close event; shutting log-core down
[9/28/2023 6:47:11 PM] [INFO] received Windows console close event; shutting log-core down
[9/28/2023 6:48:51 PM] [ERROR] exception 0XC0000005 (ACCESS_VIOLATION) from Vectored Exception Handler catched; shutting log-core down
[9/28/2023 6:55:25 PM] [INFO] received Windows console close event; shutting log-core down
[9/28/2023 6:55:58 PM] [INFO] received Windows console close event; shutting log-core down
[9/28/2023 6:57:37 PM] [ERROR] exception 0XC0000005 (ACCESS_VIOLATION) from Vectored Exception Handler catched; shutting log-core down
[9/28/2023 7:02:12 PM] [ERROR] exception 0XC0000005 (ACCESS_VIOLATION) from Vectored Exception Handler catched; shutting log-core down
[9/28/2023 7:15:20 PM] [INFO] received Windows console close event; shutting log-core down
[9/30/2023 9:31:50 AM] [INFO] received Windows console close event; shutting log-core down
[10/8/2023 8:24:33 PM] [INFO] received Windows console close event; shutting log-core down
[10/8/2023 8:26:25 PM] [INFO] received Windows console close event; shutting log-core down
[10/8/2023 8:30:28 PM] [INFO] received Windows console close event; shutting log-core down
[10/8/2023 8:50:47 PM] [INFO] received Windows console close event; shutting log-core down
[10/12/2023 2:33:54 PM] [INFO] received Windows console close event; shutting log-core down
[10/15/2023 11:07:36 AM] [INFO] received Windows console close event; shutting log-core down
[10/15/2023 11:11:20 AM] [INFO] received Windows console close event; shutting log-core down
[10/15/2023 9:28:41 PM] [ERROR] exception 0XC0000005 (ACCESS_VIOLATION) from Vectored Exception Handler catched; shutting log-core down
[10/15/2023 9:33:24 PM] [INFO] received Windows console close event; shutting log-core down
[10/15/2023 9:33:42 PM] [INFO] received Windows console close event; shutting log-core down
[10/15/2023 9:54:57 PM] [INFO] received Windows console close event; shutting log-core down
[10/16/2023 6:53:31 PM] [INFO] received Windows console close event; shutting log-core down
[10/16/2023 7:01:29 PM] [INFO] received Windows console close event; shutting log-core down
[10/16/2023 7:02:05 PM] [INFO] received Windows console close event; shutting log-core down
[10/16/2023 7:03:25 PM] [INFO] received Windows console close event; shutting log-core down
[10/16/2023 7:09:02 PM] [INFO] received Windows console close event; shutting log-core down
[10/16/2023 7:13:29 PM] [INFO] received Windows console close event; shutting log-core down
[10/16/2023 7:19:28 PM] [INFO] received Windows console close event; shutting log-core down
[10/16/2023 7:20:14 PM] [INFO] received Windows console close event; shutting log-core down
[10/16/2023 7:21:45 PM] [INFO] received Windows console close event; shutting log-core down
[10/16/2023 7:22:32 PM] [INFO] received Windows console close event; shutting log-core down
[10/16/2023 7:23:46 PM] [INFO] received Windows console close event; shutting log-core down
[10/16/2023 8:04:34 PM] [INFO] received Windows console close event; shutting log-core down
[10/16/2023 8:04:34 PM] [INFO] received Windows console close event; shutting log-core down
[10/16/2023 8:04:36 PM] [INFO] received Windows console close event; shutting log-core down
[10/16/2023 8:11:54 PM] [INFO] received Windows console close event; shutting log-core down
[10/16/2023 8:25:43 PM] [INFO] received Windows console close event; shutting log-core down
[10/16/2023 8:28:08 PM] [INFO] received Windows console close event; shutting log-core down
[10/16/2023 8:34:00 PM] [INFO] received Windows console close event; shutting log-core down
[10/16/2023 8:36:12 PM] [INFO] received Windows console close event; shutting log-core down
[10/16/2023 8:41:00 PM] [INFO] received Windows console close event; shutting log-core down
[10/16/2023 8:48:56 PM] [INFO] received Windows console close event; shutting log-core down
[10/16/2023 8:49:07 PM] [INFO] received Windows console close event; shutting log-core down
[10/16/2023 8:57:14 PM] [INFO] received Windows console close event; shutting log-core down
[10/16/2023 8:59:55 PM] [INFO] received Windows console close event; shutting log-core down
[10/16/2023 9:05:16 PM] [INFO] received Windows console close event; shutting log-core down
[10/16/2023 9:09:09 PM] [INFO] received Windows console close event; shutting log-core down
[10/16/2023 9:09:11 PM] [INFO] received Windows console close event; shutting log-core down
[10/16/2023 9:16:19 PM] [INFO] received Windows console close event; shutting log-core down
[10/16/2023 9:27:50 PM] [INFO] received Windows console close event; shutting log-core down
[10/16/2023 9:39:24 PM] [INFO] received Windows console close event; shutting log-core down
[10/16/2023 9:44:39 PM] [INFO] received Windows console close event; shutting log-core down
[10/16/2023 9:48:01 PM] [INFO] received Windows console close event; shutting log-core down
[10/16/2023 9:49:18 PM] [INFO] received Windows console close event; shutting log-core down
[10/16/2023 9:50:52 PM] [INFO] received Windows console close event; shutting log-core down
[10/16/2023 9:54:09 PM] [INFO] received Windows console close event; shutting log-core down
[10/16/2023 9:56:19 PM] [INFO] received Windows console close event; shutting log-core down
[10/17/2023 10:32:06 AM] [ERROR] exception 0XC0000005 (ACCESS_VIOLATION) from Vectored Exception Handler catched; shutting log-core down
[10/17/2023 10:40:49 AM] [INFO] received Windows console close event; shutting log-core down
[10/17/2023 10:41:15 AM] [ERROR] exception 0XC0000005 (ACCESS_VIOLATION) from Vectored Exception Handler catched; shutting log-core down
[10/17/2023 10:41:31 AM] [ERROR] exception 0XC0000005 (ACCESS_VIOLATION) from Vectored Exception Handler catched; shutting log-core down
[10/17/2023 10:41:48 AM] [ERROR] exception 0XC0000005 (ACCESS_VIOLATION) from Vectored Exception Handler catched; shutting log-core down
[10/17/2023 10:42:01 AM] [ERROR] exception 0XC0000005 (ACCESS_VIOLATION) from Vectored Exception Handler catched; shutting log-core down
[10/17/2023 10:53:37 AM] [INFO] received Windows console close event; shutting log-core down
[10/17/2023 11:30:56 AM] [INFO] received Windows console close event; shutting log-core down
[10/17/2023 11:31:19 AM] [INFO] received Windows console close event; shutting log-core down
[10/17/2023 11:31:20 AM] [INFO] received Windows console close event; shutting log-core down
[10/17/2023 11:31:55 AM] [INFO] received Windows console close event; shutting log-core down
[10/17/2023 11:32:20 AM] [ERROR] exception 0XC0000005 (ACCESS_VIOLATION) from Vectored Exception Handler catched; shutting log-core down
[10/17/2023 11:34:55 AM] [INFO] received Windows console close event; shutting log-core down
[10/17/2023 11:35:21 AM] [ERROR] exception 0XC0000005 (ACCESS_VIOLATION) from Vectored Exception Handler catched; shutting log-core down
[10/17/2023 11:35:38 AM] [ERROR] exception 0XC0000005 (ACCESS_VIOLATION) from Vectored Exception Handler catched; shutting log-core down
[10/17/2023 11:36:13 AM] [ERROR] exception 0XC0000005 (ACCESS_VIOLATION) from Vectored Exception Handler catched; shutting log-core down
[10/17/2023 11:36:30 AM] [ERROR] exception 0XC0000005 (ACCESS_VIOLATION) from Vectored Exception Handler catched; shutting log-core down
[10/17/2023 11:37:13 AM] [ERROR] exception 0XC0000005 (ACCESS_VIOLATION) from Vectored Exception Handler catched; shutting log-core down
[10/17/2023 11:42:52 AM] [INFO] received Windows console close event; shutting log-core down
[10/17/2023 11:49:16 AM] [ERROR] exception 0XC0000005 (ACCESS_VIOLATION) from Vectored Exception Handler catched; shutting log-core down
[10/17/2023 12:14:53 PM] [INFO] received Windows console close event; shutting log-core down
[10/17/2023 12:15:24 PM] [ERROR] exception 0XC0000005 (ACCESS_VIOLATION) from Vectored Exception Handler catched; shutting log-core down
[10/17/2023 12:15:46 PM] [ERROR] exception 0XC0000005 (ACCESS_VIOLATION) from Vectored Exception Handler catched; shutting log-core down
[10/17/2023 12:18:07 PM] [INFO] received Windows console close event; shutting log-core down
[10/17/2023 12:19:06 PM] [INFO] received Windows console close event; shutting log-core down
[10/17/2023 12:36:28 PM] [INFO] received Windows console close event; shutting log-core down
[10/17/2023 12:36:56 PM] [ERROR] exception 0XC0000005 (ACCESS_VIOLATION) from Vectored Exception Handler catched; shutting log-core down
[10/17/2023 12:37:26 PM] [ERROR] exception 0XC0000005 (ACCESS_VIOLATION) from Vectored Exception Handler catched; shutting log-core down
[10/17/2023 12:39:55 PM] [INFO] received Windows console close event; shutting log-core down
[10/17/2023 12:40:29 PM] [ERROR] exception 0XC0000005 (ACCESS_VIOLATION) from Vectored Exception Handler catched; shutting log-core down
[10/17/2023 12:40:45 PM] [ERROR] exception 0XC0000005 (ACCESS_VIOLATION) from Vectored Exception Handler catched; shutting log-core down
[10/17/2023 12:47:29 PM] [INFO] received Windows console close event; shutting log-core down
[10/17/2023 12:51:46 PM] [INFO] received Windows console close event; shutting log-core down
[10/17/2023 12:52:03 PM] [ERROR] exception 0XC0000005 (ACCESS_VIOLATION) from Vectored Exception Handler catched; shutting log-core down
[10/17/2023 12:52:26 PM] [INFO] received Windows console close event; shutting log-core down
[10/17/2023 12:52:53 PM] [ERROR] exception 0XC0000005 (ACCESS_VIOLATION) from Vectored Exception Handler catched; shutting log-core down
[10/17/2023 12:53:09 PM] [ERROR] exception 0XC0000005 (ACCESS_VIOLATION) from Vectored Exception Handler catched; shutting log-core down
[10/17/2023 12:53:26 PM] [ERROR] exception 0XC0000005 (ACCESS_VIOLATION) from Vectored Exception Handler catched; shutting log-core down
[10/17/2023 12:55:01 PM] [INFO] received Windows console close event; shutting log-core down
[10/17/2023 1:01:00 PM] [ERROR] exception 0XC0000005 (ACCESS_VIOLATION) from Vectored Exception Handler catched; shutting log-core down
[10/17/2023 1:02:13 PM] [INFO] received Windows console close event; shutting log-core down
[10/17/2023 1:07:27 PM] [ERROR] exception 0XC0000005 (ACCESS_VIOLATION) from Vectored Exception Handler catched; shutting log-core down
[10/17/2023 1:07:56 PM] [ERROR] exception 0XC0000005 (ACCESS_VIOLATION) from Vectored Exception Handler catched; shutting log-core down
[10/17/2023 1:08:09 PM] [ERROR] exception 0XC0000005 (ACCESS_VIOLATION) from Vectored Exception Handler catched; shutting log-core down
[10/17/2023 1:08:43 PM] [ERROR] exception 0XC0000005 (ACCESS_VIOLATION) from Vectored Exception Handler catched; shutting log-core down
[10/17/2023 1:09:15 PM] [ERROR] exception 0XC0000005 (ACCESS_VIOLATION) from Vectored Exception Handler catched; shutting log-core down
[10/17/2023 1:10:56 PM] [INFO] received Windows console close event; shutting log-core down
[10/17/2023 1:23:25 PM] [INFO] received Windows console close event; shutting log-core down
[10/17/2023 1:27:54 PM] [ERROR] exception 0XC0000005 (ACCESS_VIOLATION) from Vectored Exception Handler catched; shutting log-core down
[10/17/2023 1:28:16 PM] [ERROR] exception 0XC0000005 (ACCESS_VIOLATION) from Vectored Exception Handler catched; shutting log-core down
[10/17/2023 1:48:55 PM] [INFO] received Windows console close event; shutting log-core down
[10/17/2023 1:49:06 PM] [INFO] received Windows console close event; shutting log-core down
[10/17/2023 1:49:40 PM] [ERROR] exception 0XC0000005 (ACCESS_VIOLATION) from Vectored Exception Handler catched; shutting log-core down
[10/17/2023 1:50:08 PM] [ERROR] exception 0XC0000005 (ACCESS_VIOLATION) from Vectored Exception Handler catched; shutting log-core down
[10/17/2023 1:50:31 PM] [INFO] received Windows console close event; shutting log-core down
[10/17/2023 1:51:16 PM] [INFO] received Windows console close event; shutting log-core down
[10/17/2023 1:52:39 PM] [INFO] received Windows console close event; shutting log-core down
[10/17/2023 1:54:19 PM] [ERROR] exception 0XC0000005 (ACCESS_VIOLATION) from Vectored Exception Handler catched; shutting log-core down
[10/17/2023 1:54:36 PM] [ERROR] exception 0XC0000005 (ACCESS_VIOLATION) from Vectored Exception Handler catched; shutting log-core down
[10/17/2023 1:55:12 PM] [ERROR] exception 0XC0000005 (ACCESS_VIOLATION) from Vectored Exception Handler catched; shutting log-core down
[10/17/2023 1:55:28 PM] [ERROR] exception 0XC0000005 (ACCESS_VIOLATION) from Vectored Exception Handler catched; shutting log-core down
[10/17/2023 1:55:44 PM] [ERROR] exception 0XC0000005 (ACCESS_VIOLATION) from Vectored Exception Handler catched; shutting log-core down
[10/17/2023 1:56:19 PM] [ERROR] exception 0XC0000005 (ACCESS_VIOLATION) from Vectored Exception Handler catched; shutting log-core down
[10/17/2023 1:56:55 PM] [ERROR] exception 0XC0000005 (ACCESS_VIOLATION) from Vectored Exception Handler catched; shutting log-core down
[10/17/2023 2:15:13 PM] [ERROR] exception 0XC0000005 (ACCESS_VIOLATION) from Vectored Exception Handler catched; shutting log-core down
[10/17/2023 2:15:29 PM] [ERROR] exception 0XC0000005 (ACCESS_VIOLATION) from Vectored Exception Handler catched; shutting log-core down
[10/17/2023 2:15:50 PM] [ERROR] exception 0XC0000005 (ACCESS_VIOLATION) from Vectored Exception Handler catched; shutting log-core down
[10/17/2023 2:16:17 PM] [ERROR] exception 0XC0000005 (ACCESS_VIOLATION) from Vectored Exception Handler catched; shutting log-core down
[10/17/2023 2:16:42 PM] [ERROR] exception 0XC0000005 (ACCESS_VIOLATION) from Vectored Exception Handler catched; shutting log-core down
[10/17/2023 2:30:29 PM] [ERROR] exception 0XC0000005 (ACCESS_VIOLATION) from Vectored Exception Handler catched; shutting log-core down
[10/17/2023 2:30:55 PM] [ERROR] exception 0XC0000005 (ACCESS_VIOLATION) from Vectored Exception Handler catched; shutting log-core down
[10/17/2023 2:32:06 PM] [ERROR] exception 0XC0000005 (ACCESS_VIOLATION) from Vectored Exception Handler catched; shutting log-core down
[10/17/2023 2:32:23 PM] [ERROR] exception 0XC0000005 (ACCESS_VIOLATION) from Vectored Exception Handler catched; shutting log-core down
[10/17/2023 2:32:39 PM] [ERROR] exception 0XC0000005 (ACCESS_VIOLATION) from Vectored Exception Handler catched; shutting log-core down
[10/17/2023 2:32:55 PM] [ERROR] exception 0XC0000005 (ACCESS_VIOLATION) from Vectored Exception Handler catched; shutting log-core down
[10/17/2023 2:33:12 PM] [ERROR] exception 0XC0000005 (ACCESS_VIOLATION) from Vectored Exception Handler catched; shutting log-core down
[10/17/2023 2:33:28 PM] [ERROR] exception 0XC0000005 (ACCESS_VIOLATION) from Vectored Exception Handler catched; shutting log-core down
[10/17/2023 2:33:44 PM] [ERROR] exception 0XC0000005 (ACCESS_VIOLATION) from Vectored Exception Handler catched; shutting log-core down
[10/17/2023 2:50:33 PM] [INFO] received Windows console close event; shutting log-core down
[10/17/2023 2:51:00 PM] [ERROR] exception 0XC0000005 (ACCESS_VIOLATION) from Vectored Exception Handler catched; shutting log-core down
[10/17/2023 2:53:15 PM] [INFO] received Windows console close event; shutting log-core down
[10/17/2023 2:53:51 PM] [ERROR] exception 0XC0000005 (ACCESS_VIOLATION) from Vectored Exception Handler catched; shutting log-core down
[10/17/2023 2:54:08 PM] [ERROR] exception 0XC0000005 (ACCESS_VIOLATION) from Vectored Exception Handler catched; shutting log-core down
[10/17/2023 2:54:39 PM] [ERROR] exception 0XC0000005 (ACCESS_VIOLATION) from Vectored Exception Handler catched; shutting log-core down
[10/17/2023 2:56:35 PM] [INFO] received Windows console close event; shutting log-core down
[10/17/2023 2:57:01 PM] [ERROR] exception 0XC0000005 (ACCESS_VIOLATION) from Vectored Exception Handler catched; shutting log-core down
[10/17/2023 3:04:45 PM] [INFO] received Windows console close event; shutting log-core down
[10/17/2023 5:39:59 PM] [ERROR] exception 0XC0000005 (ACCESS_VIOLATION) from Vectored Exception Handler catched; shutting log-core down
[10/17/2023 5:41:24 PM] [ERROR] exception 0XC0000005 (ACCESS_VIOLATION) from Vectored Exception Handler catched; shutting log-core down
[10/17/2023 5:42:40 PM] [ERROR] exception 0XC0000005 (ACCESS_VIOLATION) from Vectored Exception Handler catched; shutting log-core down
[10/17/2023 5:43:29 PM] [ERROR] exception 0XC0000005 (ACCESS_VIOLATION) from Vectored Exception Handler catched; shutting log-core down
[10/17/2023 5:47:09 PM] [INFO] received Windows console close event; shutting log-core down
[10/17/2023 5:51:07 PM] [ERROR] exception 0XC0000005 (ACCESS_VIOLATION) from Vectored Exception Handler catched; shutting log-core down
[10/17/2023 5:51:59 PM] [ERROR] exception 0XC0000005 (ACCESS_VIOLATION) from Vectored Exception Handler catched; shutting log-core down
[10/17/2023 5:52:49 PM] [ERROR] exception 0XC0000005 (ACCESS_VIOLATION) from Vectored Exception Handler catched; shutting log-core down
[10/17/2023 6:02:47 PM] [ERROR] exception 0XC0000005 (ACCESS_VIOLATION) from Vectored Exception Handler catched; shutting log-core down
[10/17/2023 7:10:30 PM] [INFO] received Windows console close event; shutting log-core down
[10/17/2023 9:44:23 PM] [ERROR] exception 0XC0000005 (ACCESS_VIOLATION) from Vectored Exception Handler catched; shutting log-core down
[10/17/2023 9:45:05 PM] [ERROR] exception 0XC0000005 (ACCESS_VIOLATION) from Vectored Exception Handler catched; shutting log-core down
[10/17/2023 9:46:16 PM] [ERROR] exception 0XC0000005 (ACCESS_VIOLATION) from Vectored Exception Handler catched; shutting log-core down
[10/17/2023 9:48:55 PM] [INFO] received Windows console close event; shutting log-core down
[10/17/2023 9:52:56 PM] [INFO] received Windows console close event; shutting log-core down
[10/17/2023 10:09:49 PM] [ERROR] exception 0XC0000005 (ACCESS_VIOLATION) from Vectored Exception Handler catched; shutting log-core down
[10/17/2023 10:11:28 PM] [ERROR] exception 0XC0000005 (ACCESS_VIOLATION) from Vectored Exception Handler catched; shutting log-core down
[10/17/2023 10:12:19 PM] [ERROR] exception 0XC0000005 (ACCESS_VIOLATION) from Vectored Exception Handler catched; shutting log-core down
[10/17/2023 10:12:46 PM] [ERROR] exception 0XC0000005 (ACCESS_VIOLATION) from Vectored Exception Handler catched; shutting log-core down
[10/17/2023 10:13:11 PM] [ERROR] exception 0XC0000005 (ACCESS_VIOLATION) from Vectored Exception Handler catched; shutting log-core down
[10/17/2023 10:13:39 PM] [ERROR] exception 0XC0000005 (ACCESS_VIOLATION) from Vectored Exception Handler catched; shutting log-core down
[10/17/2023 10:16:54 PM] [INFO] received Windows console close event; shutting log-core down
[10/17/2023 10:21:46 PM] [ERROR] exception 0XC0000005 (ACCESS_VIOLATION) from Vectored Exception Handler catched; shutting log-core down
[10/17/2023 10:22:14 PM] [ERROR] exception 0XC0000005 (ACCESS_VIOLATION) from Vectored Exception Handler catched; shutting log-core down
[10/17/2023 10:31:23 PM] [ERROR] exception 0XC0000005 (ACCESS_VIOLATION) from Vectored Exception Handler catched; shutting log-core down
